Wireshark SSL debug log 

Wireshark version: 3.0.0 (v3.0.0-0-g937e33de)
GnuTLS version:    3.4.17
Libgcrypt version: 1.7.7


dissect_ssl enter frame #1 (first time)
packet_from_server: is from server - FALSE
  conversation = 0x7fa041e3a740, ssl_session = 0x7fa041e3af00
  record: offset = 0, reported_length_remaining = 319
ssl_try_set_version found version 0x0303 -> state 0x10
dissect_ssl3_record: content_type 23 Application Data
decrypt_ssl3_record: app_data len 314, ssl state 0x10
packet_from_server: is from server - FALSE
decrypt_ssl3_record: using client decoder
decrypt_ssl3_record: no decoder available

dissect_ssl enter frame #2 (first time)
packet_from_server: is from server - FALSE
  conversation = 0x7fa041e3a740, ssl_session = 0x7fa041e3af00
  record: offset = 0, reported_length_remaining = 478
dissect_ssl3_record: content_type 23 Application Data
decrypt_ssl3_record: app_data len 473, ssl state 0x10
packet_from_server: is from server - FALSE
decrypt_ssl3_record: using client decoder
decrypt_ssl3_record: no decoder available

dissect_ssl enter frame #8 (first time)
packet_from_server: is from server - FALSE
  conversation = 0x7fa041e3a740, ssl_session = 0x7fa041e3af00
  record: offset = 0, reported_length_remaining = 2345
dissect_ssl3_record: content_type 23 Application Data
decrypt_ssl3_record: app_data len 2340, ssl state 0x10
packet_from_server: is from server - FALSE
decrypt_ssl3_record: using client decoder
decrypt_ssl3_record: no decoder available

dissect_ssl enter frame #10 (first time)
packet_from_server: is from server - FALSE
  conversation = 0x7fa041e3a740, ssl_session = 0x7fa041e3af00
  record: offset = 0, reported_length_remaining = 319
dissect_ssl3_record: content_type 23 Application Data
decrypt_ssl3_record: app_data len 314, ssl state 0x10
packet_from_server: is from server - FALSE
decrypt_ssl3_record: using client decoder
decrypt_ssl3_record: no decoder available

dissect_ssl enter frame #11 (first time)
packet_from_server: is from server - FALSE
  conversation = 0x7fa041e3a740, ssl_session = 0x7fa041e3af00
  record: offset = 0, reported_length_remaining = 528
dissect_ssl3_record: content_type 23 Application Data
decrypt_ssl3_record: app_data len 523, ssl state 0x10
packet_from_server: is from server - FALSE
decrypt_ssl3_record: using client decoder
decrypt_ssl3_record: no decoder available

dissect_ssl enter frame #15 (first time)
packet_from_server: is from server - FALSE
  conversation = 0x7fa041e5f660, ssl_session = 0x7fa041e61430
  record: offset = 0, reported_length_remaining = 2057
ssl_try_set_version found version 0x0303 -> state 0x10
dissect_ssl3_record: content_type 23 Application Data
decrypt_ssl3_record: app_data len 2052, ssl state 0x10
packet_from_server: is from server - FALSE
decrypt_ssl3_record: using client decoder
decrypt_ssl3_record: no decoder available

dissect_ssl enter frame #17 (first time)
packet_from_server: is from server - FALSE
  conversation = 0x7fa041e5f660, ssl_session = 0x7fa041e61430
  record: offset = 0, reported_length_remaining = 319
dissect_ssl3_record: content_type 23 Application Data
decrypt_ssl3_record: app_data len 314, ssl state 0x10
packet_from_server: is from server - FALSE
decrypt_ssl3_record: using client decoder
decrypt_ssl3_record: no decoder available

dissect_ssl enter frame #18 (first time)
packet_from_server: is from server - FALSE
  conversation = 0x7fa041e5f660, ssl_session = 0x7fa041e61430
  record: offset = 0, reported_length_remaining = 535
dissect_ssl3_record: content_type 23 Application Data
decrypt_ssl3_record: app_data len 530, ssl state 0x10
packet_from_server: is from server - FALSE
decrypt_ssl3_record: using client decoder
decrypt_ssl3_record: no decoder available

dissect_ssl enter frame #22 (first time)
packet_from_server: is from server - FALSE
  conversation = 0x7fa041e3a740, ssl_session = 0x7fa041e3af00
  record: offset = 0, reported_length_remaining = 1895
dissect_ssl3_record: content_type 23 Application Data
decrypt_ssl3_record: app_data len 1890, ssl state 0x10
packet_from_server: is from server - FALSE
decrypt_ssl3_record: using client decoder
decrypt_ssl3_record: no decoder available

dissect_ssl enter frame #24 (first time)
packet_from_server: is from server - FALSE
  conversation = 0x7fa041e3a740, ssl_session = 0x7fa041e3af00
  record: offset = 0, reported_length_remaining = 319
dissect_ssl3_record: content_type 23 Application Data
decrypt_ssl3_record: app_data len 314, ssl state 0x10
packet_from_server: is from server - FALSE
decrypt_ssl3_record: using client decoder
decrypt_ssl3_record: no decoder available

dissect_ssl enter frame #25 (first time)
packet_from_server: is from server - FALSE
  conversation = 0x7fa041e3a740, ssl_session = 0x7fa041e3af00
  record: offset = 0, reported_length_remaining = 461
dissect_ssl3_record: content_type 23 Application Data
decrypt_ssl3_record: app_data len 456, ssl state 0x10
packet_from_server: is from server - FALSE
decrypt_ssl3_record: using client decoder
decrypt_ssl3_record: no decoder available

dissect_ssl enter frame #27 (first time)
packet_from_server: is from server - FALSE
  conversation = 0x7fa041e3a740, ssl_session = 0x7fa041e3af00
  record: offset = 0, reported_length_remaining = 1669
dissect_ssl3_record: content_type 23 Application Data
decrypt_ssl3_record: app_data len 1664, ssl state 0x10
packet_from_server: is from server - FALSE
decrypt_ssl3_record: using client decoder
decrypt_ssl3_record: no decoder available

dissect_ssl enter frame #29 (first time)
packet_from_server: is from server - FALSE
  conversation = 0x7fa041e3a740, ssl_session = 0x7fa041e3af00
  record: offset = 0, reported_length_remaining = 319
dissect_ssl3_record: content_type 23 Application Data
decrypt_ssl3_record: app_data len 314, ssl state 0x10
packet_from_server: is from server - FALSE
decrypt_ssl3_record: using client decoder
decrypt_ssl3_record: no decoder available

dissect_ssl enter frame #30 (first time)
packet_from_server: is from server - FALSE
  conversation = 0x7fa041e3a740, ssl_session = 0x7fa041e3af00
  record: offset = 0, reported_length_remaining = 457
dissect_ssl3_record: content_type 23 Application Data
decrypt_ssl3_record: app_data len 452, ssl state 0x10
packet_from_server: is from server - FALSE
decrypt_ssl3_record: using client decoder
decrypt_ssl3_record: no decoder available

dissect_ssl enter frame #34 (first time)
packet_from_server: is from server - FALSE
  conversation = 0x7fa041e3a740, ssl_session = 0x7fa041e3af00
  record: offset = 0, reported_length_remaining = 1684
dissect_ssl3_record: content_type 23 Application Data
decrypt_ssl3_record: app_data len 1679, ssl state 0x10
packet_from_server: is from server - FALSE
decrypt_ssl3_record: using client decoder
decrypt_ssl3_record: no decoder available

dissect_ssl enter frame #36 (first time)
packet_from_server: is from server - FALSE
  conversation = 0x7fa041e3a740, ssl_session = 0x7fa041e3af00
  record: offset = 0, reported_length_remaining = 319
dissect_ssl3_record: content_type 23 Application Data
decrypt_ssl3_record: app_data len 314, ssl state 0x10
packet_from_server: is from server - FALSE
decrypt_ssl3_record: using client decoder
decrypt_ssl3_record: no decoder available

dissect_ssl enter frame #37 (first time)
packet_from_server: is from server - FALSE
  conversation = 0x7fa041e3a740, ssl_session = 0x7fa041e3af00
  record: offset = 0, reported_length_remaining = 538
dissect_ssl3_record: content_type 23 Application Data
decrypt_ssl3_record: app_data len 533, ssl state 0x10
packet_from_server: is from server - FALSE
decrypt_ssl3_record: using client decoder
decrypt_ssl3_record: no decoder available

dissect_ssl enter frame #41 (first time)
packet_from_server: is from server - FALSE
  conversation = 0x7fa041e5f660, ssl_session = 0x7fa041e61430
  record: offset = 0, reported_length_remaining = 1780
dissect_ssl3_record: content_type 23 Application Data
decrypt_ssl3_record: app_data len 1775, ssl state 0x10
packet_from_server: is from server - FALSE
decrypt_ssl3_record: using client decoder
decrypt_ssl3_record: no decoder available

dissect_ssl enter frame #43 (first time)
packet_from_server: is from server - FALSE
  conversation = 0x7fa041e5f660, ssl_session = 0x7fa041e61430
  record: offset = 0, reported_length_remaining = 319
dissect_ssl3_record: content_type 23 Application Data
decrypt_ssl3_record: app_data len 314, ssl state 0x10
packet_from_server: is from server - FALSE
decrypt_ssl3_record: using client decoder
decrypt_ssl3_record: no decoder available

dissect_ssl enter frame #44 (first time)
packet_from_server: is from server - FALSE
  conversation = 0x7fa041e5f660, ssl_session = 0x7fa041e61430
  record: offset = 0, reported_length_remaining = 559
dissect_ssl3_record: content_type 23 Application Data
decrypt_ssl3_record: app_data len 554, ssl state 0x10
packet_from_server: is from server - FALSE
decrypt_ssl3_record: using client decoder
decrypt_ssl3_record: no decoder available

dissect_ssl enter frame #48 (first time)
packet_from_server: is from server - FALSE
  conversation = 0x7fa041e3a740, ssl_session = 0x7fa041e3af00
  record: offset = 0, reported_length_remaining = 1774
dissect_ssl3_record: content_type 23 Application Data
decrypt_ssl3_record: app_data len 1769, ssl state 0x10
packet_from_server: is from server - FALSE
decrypt_ssl3_record: using client decoder
decrypt_ssl3_record: no decoder available

dissect_ssl enter frame #50 (first time)
packet_from_server: is from server - FALSE
  conversation = 0x7fa041e3a740, ssl_session = 0x7fa041e3af00
  record: offset = 0, reported_length_remaining = 319
dissect_ssl3_record: content_type 23 Application Data
decrypt_ssl3_record: app_data len 314, ssl state 0x10
packet_from_server: is from server - FALSE
decrypt_ssl3_record: using client decoder
decrypt_ssl3_record: no decoder available

dissect_ssl enter frame #51 (first time)
packet_from_server: is from server - FALSE
  conversation = 0x7fa041e3a740, ssl_session = 0x7fa041e3af00
  record: offset = 0, reported_length_remaining = 527
dissect_ssl3_record: content_type 23 Application Data
decrypt_ssl3_record: app_data len 522, ssl state 0x10
packet_from_server: is from server - FALSE
decrypt_ssl3_record: using client decoder
decrypt_ssl3_record: no decoder available

dissect_ssl enter frame #55 (first time)
packet_from_server: is from server - FALSE
  conversation = 0x7fa041e5f660, ssl_session = 0x7fa041e61430
  record: offset = 0, reported_length_remaining = 1687
dissect_ssl3_record: content_type 23 Application Data
decrypt_ssl3_record: app_data len 1682, ssl state 0x10
packet_from_server: is from server - FALSE
decrypt_ssl3_record: using client decoder
decrypt_ssl3_record: no decoder available

dissect_ssl enter frame #57 (first time)
packet_from_server: is from server - FALSE
  conversation = 0x7fa041e5f660, ssl_session = 0x7fa041e61430
  record: offset = 0, reported_length_remaining = 319
dissect_ssl3_record: content_type 23 Application Data
decrypt_ssl3_record: app_data len 314, ssl state 0x10
packet_from_server: is from server - FALSE
decrypt_ssl3_record: using client decoder
decrypt_ssl3_record: no decoder available

dissect_ssl enter frame #58 (first time)
packet_from_server: is from server - FALSE
  conversation = 0x7fa041e5f660, ssl_session = 0x7fa041e61430
  record: offset = 0, reported_length_remaining = 542
dissect_ssl3_record: content_type 23 Application Data
decrypt_ssl3_record: app_data len 537, ssl state 0x10
packet_from_server: is from server - FALSE
decrypt_ssl3_record: using client decoder
decrypt_ssl3_record: no decoder available

dissect_ssl enter frame #62 (first time)
packet_from_server: is from server - FALSE
  conversation = 0x7fa041e3a740, ssl_session = 0x7fa041e3af00
  record: offset = 0, reported_length_remaining = 1728
dissect_ssl3_record: content_type 23 Application Data
decrypt_ssl3_record: app_data len 1723, ssl state 0x10
packet_from_server: is from server - FALSE
decrypt_ssl3_record: using client decoder
decrypt_ssl3_record: no decoder available

dissect_ssl enter frame #64 (first time)
packet_from_server: is from server - FALSE
  conversation = 0x7fa041e3a740, ssl_session = 0x7fa041e3af00
  record: offset = 0, reported_length_remaining = 319
dissect_ssl3_record: content_type 23 Application Data
decrypt_ssl3_record: app_data len 314, ssl state 0x10
packet_from_server: is from server - FALSE
decrypt_ssl3_record: using client decoder
decrypt_ssl3_record: no decoder available

dissect_ssl enter frame #65 (first time)
packet_from_server: is from server - FALSE
  conversation = 0x7fa041e3a740, ssl_session = 0x7fa041e3af00
  record: offset = 0, reported_length_remaining = 519
dissect_ssl3_record: content_type 23 Application Data
decrypt_ssl3_record: app_data len 514, ssl state 0x10
packet_from_server: is from server - FALSE
decrypt_ssl3_record: using client decoder
decrypt_ssl3_record: no decoder available

dissect_ssl enter frame #69 (first time)
packet_from_server: is from server - FALSE
  conversation = 0x7fa041e3a740, ssl_session = 0x7fa041e3af00
  record: offset = 0, reported_length_remaining = 1588
dissect_ssl3_record: content_type 23 Application Data
decrypt_ssl3_record: app_data len 1583, ssl state 0x10
packet_from_server: is from server - FALSE
decrypt_ssl3_record: using client decoder
decrypt_ssl3_record: no decoder available

dissect_ssl enter frame #71 (first time)
packet_from_server: is from server - FALSE
  conversation = 0x7fa041e3a740, ssl_session = 0x7fa041e3af00
  record: offset = 0, reported_length_remaining = 319
dissect_ssl3_record: content_type 23 Application Data
decrypt_ssl3_record: app_data len 314, ssl state 0x10
packet_from_server: is from server - FALSE
decrypt_ssl3_record: using client decoder
decrypt_ssl3_record: no decoder available

dissect_ssl enter frame #72 (first time)
packet_from_server: is from server - FALSE
  conversation = 0x7fa041e3a740, ssl_session = 0x7fa041e3af00
  record: offset = 0, reported_length_remaining = 453
dissect_ssl3_record: content_type 23 Application Data
decrypt_ssl3_record: app_data len 448, ssl state 0x10
packet_from_server: is from server - FALSE
decrypt_ssl3_record: using client decoder
decrypt_ssl3_record: no decoder available

dissect_ssl enter frame #74 (first time)
packet_from_server: is from server - FALSE
  conversation = 0x7fa041e5f660, ssl_session = 0x7fa041e61430
  record: offset = 0, reported_length_remaining = 1563
dissect_ssl3_record: content_type 23 Application Data
decrypt_ssl3_record: app_data len 1558, ssl state 0x10
packet_from_server: is from server - FALSE
decrypt_ssl3_record: using client decoder
decrypt_ssl3_record: no decoder available

dissect_ssl enter frame #76 (first time)
packet_from_server: is from server - FALSE
  conversation = 0x7fa041e5f660, ssl_session = 0x7fa041e61430
  record: offset = 0, reported_length_remaining = 319
dissect_ssl3_record: content_type 23 Application Data
decrypt_ssl3_record: app_data len 314, ssl state 0x10
packet_from_server: is from server - FALSE
decrypt_ssl3_record: using client decoder
decrypt_ssl3_record: no decoder available

dissect_ssl enter frame #77 (first time)
packet_from_server: is from server - FALSE
  conversation = 0x7fa041e5f660, ssl_session = 0x7fa041e61430
  record: offset = 0, reported_length_remaining = 522
dissect_ssl3_record: content_type 23 Application Data
decrypt_ssl3_record: app_data len 517, ssl state 0x10
packet_from_server: is from server - FALSE
decrypt_ssl3_record: using client decoder
decrypt_ssl3_record: no decoder available

dissect_ssl enter frame #83 (first time)
packet_from_server: is from server - FALSE
  conversation = 0x7fa041e5f660, ssl_session = 0x7fa041e61430
  record: offset = 0, reported_length_remaining = 1687
dissect_ssl3_record: content_type 23 Application Data
decrypt_ssl3_record: app_data len 1682, ssl state 0x10
packet_from_server: is from server - FALSE
decrypt_ssl3_record: using client decoder
decrypt_ssl3_record: no decoder available

dissect_ssl enter frame #85 (first time)
packet_from_server: is from server - FALSE
  conversation = 0x7fa041e5f660, ssl_session = 0x7fa041e61430
  record: offset = 0, reported_length_remaining = 319
dissect_ssl3_record: content_type 23 Application Data
decrypt_ssl3_record: app_data len 314, ssl state 0x10
packet_from_server: is from server - FALSE
decrypt_ssl3_record: using client decoder
decrypt_ssl3_record: no decoder available

dissect_ssl enter frame #86 (first time)
packet_from_server: is from server - FALSE
  conversation = 0x7fa041e5f660, ssl_session = 0x7fa041e61430
  record: offset = 0, reported_length_remaining = 523
dissect_ssl3_record: content_type 23 Application Data
decrypt_ssl3_record: app_data len 518, ssl state 0x10
packet_from_server: is from server - FALSE
decrypt_ssl3_record: using client decoder
decrypt_ssl3_record: no decoder available

dissect_ssl enter frame #88 (first time)
packet_from_server: is from server - FALSE
  conversation = 0x7fa041e5f660, ssl_session = 0x7fa041e61430
  record: offset = 0, reported_length_remaining = 1811
dissect_ssl3_record: content_type 23 Application Data
decrypt_ssl3_record: app_data len 1806, ssl state 0x10
packet_from_server: is from server - FALSE
decrypt_ssl3_record: using client decoder
decrypt_ssl3_record: no decoder available

dissect_ssl enter frame #90 (first time)
packet_from_server: is from server - FALSE
  conversation = 0x7fa041e5f660, ssl_session = 0x7fa041e61430
  record: offset = 0, reported_length_remaining = 319
dissect_ssl3_record: content_type 23 Application Data
decrypt_ssl3_record: app_data len 314, ssl state 0x10
packet_from_server: is from server - FALSE
decrypt_ssl3_record: using client decoder
decrypt_ssl3_record: no decoder available

dissect_ssl enter frame #91 (first time)
packet_from_server: is from server - FALSE
  conversation = 0x7fa041e5f660, ssl_session = 0x7fa041e61430
  record: offset = 0, reported_length_remaining = 562
dissect_ssl3_record: content_type 23 Application Data
decrypt_ssl3_record: app_data len 557, ssl state 0x10
packet_from_server: is from server - FALSE
decrypt_ssl3_record: using client decoder
decrypt_ssl3_record: no decoder available

dissect_ssl enter frame #95 (first time)
packet_from_server: is from server - FALSE
  conversation = 0x7fa041e5f660, ssl_session = 0x7fa041e61430
  record: offset = 0, reported_length_remaining = 1689
dissect_ssl3_record: content_type 23 Application Data
decrypt_ssl3_record: app_data len 1684, ssl state 0x10
packet_from_server: is from server - FALSE
decrypt_ssl3_record: using client decoder
decrypt_ssl3_record: no decoder available

dissect_ssl enter frame #97 (first time)
packet_from_server: is from server - FALSE
  conversation = 0x7fa041e5f660, ssl_session = 0x7fa041e61430
  record: offset = 0, reported_length_remaining = 319
dissect_ssl3_record: content_type 23 Application Data
decrypt_ssl3_record: app_data len 314, ssl state 0x10
packet_from_server: is from server - FALSE
decrypt_ssl3_record: using client decoder
decrypt_ssl3_record: no decoder available

dissect_ssl enter frame #98 (first time)
packet_from_server: is from server - FALSE
  conversation = 0x7fa041e5f660, ssl_session = 0x7fa041e61430
  record: offset = 0, reported_length_remaining = 521
dissect_ssl3_record: content_type 23 Application Data
decrypt_ssl3_record: app_data len 516, ssl state 0x10
packet_from_server: is from server - FALSE
decrypt_ssl3_record: using client decoder
decrypt_ssl3_record: no decoder available

dissect_ssl enter frame #100 (first time)
packet_from_server: is from server - FALSE
  conversation = 0x7fa041e3a740, ssl_session = 0x7fa041e3af00
  record: offset = 0, reported_length_remaining = 1695
dissect_ssl3_record: content_type 23 Application Data
decrypt_ssl3_record: app_data len 1690, ssl state 0x10
packet_from_server: is from server - FALSE
decrypt_ssl3_record: using client decoder
decrypt_ssl3_record: no decoder available

dissect_ssl enter frame #102 (first time)
packet_from_server: is from server - FALSE
  conversation = 0x7fa041e3a740, ssl_session = 0x7fa041e3af00
  record: offset = 0, reported_length_remaining = 319
dissect_ssl3_record: content_type 23 Application Data
decrypt_ssl3_record: app_data len 314, ssl state 0x10
packet_from_server: is from server - FALSE
decrypt_ssl3_record: using client decoder
decrypt_ssl3_record: no decoder available

dissect_ssl enter frame #103 (first time)
packet_from_server: is from server - FALSE
  conversation = 0x7fa041e3a740, ssl_session = 0x7fa041e3af00
  record: offset = 0, reported_length_remaining = 547
dissect_ssl3_record: content_type 23 Application Data
decrypt_ssl3_record: app_data len 542, ssl state 0x10
packet_from_server: is from server - FALSE
decrypt_ssl3_record: using client decoder
decrypt_ssl3_record: no decoder available

dissect_ssl enter frame #109 (first time)
packet_from_server: is from server - FALSE
  conversation = 0x7fa041e5f660, ssl_session = 0x7fa041e61430
  record: offset = 0, reported_length_remaining = 1618
dissect_ssl3_record: content_type 23 Application Data
decrypt_ssl3_record: app_data len 1613, ssl state 0x10
packet_from_server: is from server - FALSE
decrypt_ssl3_record: using client decoder
decrypt_ssl3_record: no decoder available

dissect_ssl enter frame #111 (first time)
packet_from_server: is from server - FALSE
  conversation = 0x7fa041e5f660, ssl_session = 0x7fa041e61430
  record: offset = 0, reported_length_remaining = 319
dissect_ssl3_record: content_type 23 Application Data
decrypt_ssl3_record: app_data len 314, ssl state 0x10
packet_from_server: is from server - FALSE
decrypt_ssl3_record: using client decoder
decrypt_ssl3_record: no decoder available

dissect_ssl enter frame #112 (first time)
packet_from_server: is from server - FALSE
  conversation = 0x7fa041e5f660, ssl_session = 0x7fa041e61430
  record: offset = 0, reported_length_remaining = 472
dissect_ssl3_record: content_type 23 Application Data
decrypt_ssl3_record: app_data len 467, ssl state 0x10
packet_from_server: is from server - FALSE
decrypt_ssl3_record: using client decoder
decrypt_ssl3_record: no decoder available

dissect_ssl enter frame #116 (first time)
packet_from_server: is from server - FALSE
  conversation = 0x7fa041e3a740, ssl_session = 0x7fa041e3af00
  record: offset = 0, reported_length_remaining = 1683
dissect_ssl3_record: content_type 23 Application Data
decrypt_ssl3_record: app_data len 1678, ssl state 0x10
packet_from_server: is from server - FALSE
decrypt_ssl3_record: using client decoder
decrypt_ssl3_record: no decoder available

dissect_ssl enter frame #118 (first time)
packet_from_server: is from server - FALSE
  conversation = 0x7fa041e3a740, ssl_session = 0x7fa041e3af00
  record: offset = 0, reported_length_remaining = 319
dissect_ssl3_record: content_type 23 Application Data
decrypt_ssl3_record: app_data len 314, ssl state 0x10
packet_from_server: is from server - FALSE
decrypt_ssl3_record: using client decoder
decrypt_ssl3_record: no decoder available

dissect_ssl enter frame #119 (first time)
packet_from_server: is from server - FALSE
  conversation = 0x7fa041e3a740, ssl_session = 0x7fa041e3af00
  record: offset = 0, reported_length_remaining = 531
dissect_ssl3_record: content_type 23 Application Data
decrypt_ssl3_record: app_data len 526, ssl state 0x10
packet_from_server: is from server - FALSE
decrypt_ssl3_record: using client decoder
decrypt_ssl3_record: no decoder available

dissect_ssl enter frame #123 (first time)
packet_from_server: is from server - FALSE
  conversation = 0x7fa041e5f660, ssl_session = 0x7fa041e61430
  record: offset = 0, reported_length_remaining = 2260
dissect_ssl3_record: content_type 23 Application Data
decrypt_ssl3_record: app_data len 2255, ssl state 0x10
packet_from_server: is from server - FALSE
decrypt_ssl3_record: using client decoder
decrypt_ssl3_record: no decoder available

dissect_ssl enter frame #125 (first time)
packet_from_server: is from server - FALSE
  conversation = 0x7fa041e5f660, ssl_session = 0x7fa041e61430
  record: offset = 0, reported_length_remaining = 319
dissect_ssl3_record: content_type 23 Application Data
decrypt_ssl3_record: app_data len 314, ssl state 0x10
packet_from_server: is from server - FALSE
decrypt_ssl3_record: using client decoder
decrypt_ssl3_record: no decoder available

dissect_ssl enter frame #126 (first time)
packet_from_server: is from server - FALSE
  conversation = 0x7fa041e5f660, ssl_session = 0x7fa041e61430
  record: offset = 0, reported_length_remaining = 533
dissect_ssl3_record: content_type 23 Application Data
decrypt_ssl3_record: app_data len 528, ssl state 0x10
packet_from_server: is from server - FALSE
decrypt_ssl3_record: using client decoder
decrypt_ssl3_record: no decoder available

dissect_ssl enter frame #1 (already visited)
packet_from_server: is from server - FALSE
  conversation = 0x7fa041e3a740, ssl_session = 0x0
  record: offset = 0, reported_length_remaining = 319
dissect_ssl3_record: content_type 23 Application Data

dissect_ssl enter frame #2 (already visited)
packet_from_server: is from server - FALSE
  conversation = 0x7fa041e3a740, ssl_session = 0x0
  record: offset = 0, reported_length_remaining = 478
dissect_ssl3_record: content_type 23 Application Data

dissect_ssl enter frame #8 (already visited)
packet_from_server: is from server - FALSE
  conversation = 0x7fa041e3a740, ssl_session = 0x0
  record: offset = 0, reported_length_remaining = 2345
dissect_ssl3_record: content_type 23 Application Data

dissect_ssl enter frame #10 (already visited)
packet_from_server: is from server - FALSE
  conversation = 0x7fa041e3a740, ssl_session = 0x0
  record: offset = 0, reported_length_remaining = 319
dissect_ssl3_record: content_type 23 Application Data

dissect_ssl enter frame #11 (already visited)
packet_from_server: is from server - FALSE
  conversation = 0x7fa041e3a740, ssl_session = 0x0
  record: offset = 0, reported_length_remaining = 528
dissect_ssl3_record: content_type 23 Application Data

dissect_ssl enter frame #15 (already visited)
packet_from_server: is from server - FALSE
  conversation = 0x7fa041e5f660, ssl_session = 0x0
  record: offset = 0, reported_length_remaining = 2057
dissect_ssl3_record: content_type 23 Application Data

dissect_ssl enter frame #17 (already visited)
packet_from_server: is from server - FALSE
  conversation = 0x7fa041e5f660, ssl_session = 0x0
  record: offset = 0, reported_length_remaining = 319
dissect_ssl3_record: content_type 23 Application Data

dissect_ssl enter frame #18 (already visited)
packet_from_server: is from server - FALSE
  conversation = 0x7fa041e5f660, ssl_session = 0x0
  record: offset = 0, reported_length_remaining = 535
dissect_ssl3_record: content_type 23 Application Data

dissect_ssl enter frame #22 (already visited)
packet_from_server: is from server - FALSE
  conversation = 0x7fa041e3a740, ssl_session = 0x0
  record: offset = 0, reported_length_remaining = 1895
dissect_ssl3_record: content_type 23 Application Data

dissect_ssl enter frame #24 (already visited)
packet_from_server: is from server - FALSE
  conversation = 0x7fa041e3a740, ssl_session = 0x0
  record: offset = 0, reported_length_remaining = 319
dissect_ssl3_record: content_type 23 Application Data

dissect_ssl enter frame #25 (already visited)
packet_from_server: is from server - FALSE
  conversation = 0x7fa041e3a740, ssl_session = 0x0
  record: offset = 0, reported_length_remaining = 461
dissect_ssl3_record: content_type 23 Application Data

dissect_ssl enter frame #27 (already visited)
packet_from_server: is from server - FALSE
  conversation = 0x7fa041e3a740, ssl_session = 0x0
  record: offset = 0, reported_length_remaining = 1669
dissect_ssl3_record: content_type 23 Application Data

dissect_ssl enter frame #29 (already visited)
packet_from_server: is from server - FALSE
  conversation = 0x7fa041e3a740, ssl_session = 0x0
  record: offset = 0, reported_length_remaining = 319
dissect_ssl3_record: content_type 23 Application Data

dissect_ssl enter frame #30 (already visited)
packet_from_server: is from server - FALSE
  conversation = 0x7fa041e3a740, ssl_session = 0x0
  record: offset = 0, reported_length_remaining = 457
dissect_ssl3_record: content_type 23 Application Data

dissect_ssl enter frame #34 (already visited)
packet_from_server: is from server - FALSE
  conversation = 0x7fa041e3a740, ssl_session = 0x0
  record: offset = 0, reported_length_remaining = 1684
dissect_ssl3_record: content_type 23 Application Data

dissect_ssl enter frame #36 (already visited)
packet_from_server: is from server - FALSE
  conversation = 0x7fa041e3a740, ssl_session = 0x0
  record: offset = 0, reported_length_remaining = 319
dissect_ssl3_record: content_type 23 Application Data

dissect_ssl enter frame #37 (already visited)
packet_from_server: is from server - FALSE
  conversation = 0x7fa041e3a740, ssl_session = 0x0
  record: offset = 0, reported_length_remaining = 538
dissect_ssl3_record: content_type 23 Application Data

dissect_ssl enter frame #41 (already visited)
packet_from_server: is from server - FALSE
  conversation = 0x7fa041e5f660, ssl_session = 0x0
  record: offset = 0, reported_length_remaining = 1780
dissect_ssl3_record: content_type 23 Application Data

dissect_ssl enter frame #43 (already visited)
packet_from_server: is from server - FALSE
  conversation = 0x7fa041e5f660, ssl_session = 0x0
  record: offset = 0, reported_length_remaining = 319
dissect_ssl3_record: content_type 23 Application Data

dissect_ssl enter frame #44 (already visited)
packet_from_server: is from server - FALSE
  conversation = 0x7fa041e5f660, ssl_session = 0x0
  record: offset = 0, reported_length_remaining = 559
dissect_ssl3_record: content_type 23 Application Data

dissect_ssl enter frame #48 (already visited)
packet_from_server: is from server - FALSE
  conversation = 0x7fa041e3a740, ssl_session = 0x0
  record: offset = 0, reported_length_remaining = 1774
dissect_ssl3_record: content_type 23 Application Data

dissect_ssl enter frame #50 (already visited)
packet_from_server: is from server - FALSE
  conversation = 0x7fa041e3a740, ssl_session = 0x0
  record: offset = 0, reported_length_remaining = 319
dissect_ssl3_record: content_type 23 Application Data

dissect_ssl enter frame #51 (already visited)
packet_from_server: is from server - FALSE
  conversation = 0x7fa041e3a740, ssl_session = 0x0
  record: offset = 0, reported_length_remaining = 527
dissect_ssl3_record: content_type 23 Application Data

dissect_ssl enter frame #55 (already visited)
packet_from_server: is from server - FALSE
  conversation = 0x7fa041e5f660, ssl_session = 0x0
  record: offset = 0, reported_length_remaining = 1687
dissect_ssl3_record: content_type 23 Application Data

dissect_ssl enter frame #57 (already visited)
packet_from_server: is from server - FALSE
  conversation = 0x7fa041e5f660, ssl_session = 0x0
  record: offset = 0, reported_length_remaining = 319
dissect_ssl3_record: content_type 23 Application Data

dissect_ssl enter frame #58 (already visited)
packet_from_server: is from server - FALSE
  conversation = 0x7fa041e5f660, ssl_session = 0x0
  record: offset = 0, reported_length_remaining = 542
dissect_ssl3_record: content_type 23 Application Data

dissect_ssl enter frame #62 (already visited)
packet_from_server: is from server - FALSE
  conversation = 0x7fa041e3a740, ssl_session = 0x0
  record: offset = 0, reported_length_remaining = 1728
dissect_ssl3_record: content_type 23 Application Data

dissect_ssl enter frame #64 (already visited)
packet_from_server: is from server - FALSE
  conversation = 0x7fa041e3a740, ssl_session = 0x0
  record: offset = 0, reported_length_remaining = 319
dissect_ssl3_record: content_type 23 Application Data

dissect_ssl enter frame #65 (already visited)
packet_from_server: is from server - FALSE
  conversation = 0x7fa041e3a740, ssl_session = 0x0
  record: offset = 0, reported_length_remaining = 519
dissect_ssl3_record: content_type 23 Application Data

dissect_ssl enter frame #69 (already visited)
packet_from_server: is from server - FALSE
  conversation = 0x7fa041e3a740, ssl_session = 0x0
  record: offset = 0, reported_length_remaining = 1588
dissect_ssl3_record: content_type 23 Application Data

dissect_ssl enter frame #71 (already visited)
packet_from_server: is from server - FALSE
  conversation = 0x7fa041e3a740, ssl_session = 0x0
  record: offset = 0, reported_length_remaining = 319
dissect_ssl3_record: content_type 23 Application Data

dissect_ssl enter frame #72 (already visited)
packet_from_server: is from server - FALSE
  conversation = 0x7fa041e3a740, ssl_session = 0x0
  record: offset = 0, reported_length_remaining = 453
dissect_ssl3_record: content_type 23 Application Data

dissect_ssl enter frame #74 (already visited)
packet_from_server: is from server - FALSE
  conversation = 0x7fa041e5f660, ssl_session = 0x0
  record: offset = 0, reported_length_remaining = 1563
dissect_ssl3_record: content_type 23 Application Data

dissect_ssl enter frame #76 (already visited)
packet_from_server: is from server - FALSE
  conversation = 0x7fa041e5f660, ssl_session = 0x0
  record: offset = 0, reported_length_remaining = 319
dissect_ssl3_record: content_type 23 Application Data

dissect_ssl enter frame #77 (already visited)
packet_from_server: is from server - FALSE
  conversation = 0x7fa041e5f660, ssl_session = 0x0
  record: offset = 0, reported_length_remaining = 522
dissect_ssl3_record: content_type 23 Application Data

dissect_ssl enter frame #83 (already visited)
packet_from_server: is from server - FALSE
  conversation = 0x7fa041e5f660, ssl_session = 0x0
  record: offset = 0, reported_length_remaining = 1687
dissect_ssl3_record: content_type 23 Application Data

dissect_ssl enter frame #85 (already visited)
packet_from_server: is from server - FALSE
  conversation = 0x7fa041e5f660, ssl_session = 0x0
  record: offset = 0, reported_length_remaining = 319
dissect_ssl3_record: content_type 23 Application Data

dissect_ssl enter frame #86 (already visited)
packet_from_server: is from server - FALSE
  conversation = 0x7fa041e5f660, ssl_session = 0x0
  record: offset = 0, reported_length_remaining = 523
dissect_ssl3_record: content_type 23 Application Data

dissect_ssl enter frame #88 (already visited)
packet_from_server: is from server - FALSE
  conversation = 0x7fa041e5f660, ssl_session = 0x0
  record: offset = 0, reported_length_remaining = 1811
dissect_ssl3_record: content_type 23 Application Data

dissect_ssl enter frame #90 (already visited)
packet_from_server: is from server - FALSE
  conversation = 0x7fa041e5f660, ssl_session = 0x0
  record: offset = 0, reported_length_remaining = 319
dissect_ssl3_record: content_type 23 Application Data

dissect_ssl enter frame #91 (already visited)
packet_from_server: is from server - FALSE
  conversation = 0x7fa041e5f660, ssl_session = 0x0
  record: offset = 0, reported_length_remaining = 562
dissect_ssl3_record: content_type 23 Application Data

dissect_ssl enter frame #95 (already visited)
packet_from_server: is from server - FALSE
  conversation = 0x7fa041e5f660, ssl_session = 0x0
  record: offset = 0, reported_length_remaining = 1689
dissect_ssl3_record: content_type 23 Application Data

dissect_ssl enter frame #97 (already visited)
packet_from_server: is from server - FALSE
  conversation = 0x7fa041e5f660, ssl_session = 0x0
  record: offset = 0, reported_length_remaining = 319
dissect_ssl3_record: content_type 23 Application Data

dissect_ssl enter frame #98 (already visited)
packet_from_server: is from server - FALSE
  conversation = 0x7fa041e5f660, ssl_session = 0x0
  record: offset = 0, reported_length_remaining = 521
dissect_ssl3_record: content_type 23 Application Data

dissect_ssl enter frame #100 (already visited)
packet_from_server: is from server - FALSE
  conversation = 0x7fa041e3a740, ssl_session = 0x0
  record: offset = 0, reported_length_remaining = 1695
dissect_ssl3_record: content_type 23 Application Data

dissect_ssl enter frame #102 (already visited)
packet_from_server: is from server - FALSE
  conversation = 0x7fa041e3a740, ssl_session = 0x0
  record: offset = 0, reported_length_remaining = 319
dissect_ssl3_record: content_type 23 Application Data

dissect_ssl enter frame #103 (already visited)
packet_from_server: is from server - FALSE
  conversation = 0x7fa041e3a740, ssl_session = 0x0
  record: offset = 0, reported_length_remaining = 547
dissect_ssl3_record: content_type 23 Application Data

dissect_ssl enter frame #109 (already visited)
packet_from_server: is from server - FALSE
  conversation = 0x7fa041e5f660, ssl_session = 0x0
  record: offset = 0, reported_length_remaining = 1618
dissect_ssl3_record: content_type 23 Application Data

dissect_ssl enter frame #111 (already visited)
packet_from_server: is from server - FALSE
  conversation = 0x7fa041e5f660, ssl_session = 0x0
  record: offset = 0, reported_length_remaining = 319
dissect_ssl3_record: content_type 23 Application Data

dissect_ssl enter frame #112 (already visited)
packet_from_server: is from server - FALSE
  conversation = 0x7fa041e5f660, ssl_session = 0x0
  record: offset = 0, reported_length_remaining = 472
dissect_ssl3_record: content_type 23 Application Data

dissect_ssl enter frame #116 (already visited)
packet_from_server: is from server - FALSE
  conversation = 0x7fa041e3a740, ssl_session = 0x0
  record: offset = 0, reported_length_remaining = 1683
dissect_ssl3_record: content_type 23 Application Data

dissect_ssl enter frame #118 (already visited)
packet_from_server: is from server - FALSE
  conversation = 0x7fa041e3a740, ssl_session = 0x0
  record: offset = 0, reported_length_remaining = 319
dissect_ssl3_record: content_type 23 Application Data

dissect_ssl enter frame #119 (already visited)
packet_from_server: is from server - FALSE
  conversation = 0x7fa041e3a740, ssl_session = 0x0
  record: offset = 0, reported_length_remaining = 531
dissect_ssl3_record: content_type 23 Application Data

dissect_ssl enter frame #123 (already visited)
packet_from_server: is from server - FALSE
  conversation = 0x7fa041e5f660, ssl_session = 0x0
  record: offset = 0, reported_length_remaining = 2260
dissect_ssl3_record: content_type 23 Application Data

dissect_ssl enter frame #125 (already visited)
packet_from_server: is from server - FALSE
  conversation = 0x7fa041e5f660, ssl_session = 0x0
  record: offset = 0, reported_length_remaining = 319
dissect_ssl3_record: content_type 23 Application Data

dissect_ssl enter frame #126 (already visited)
packet_from_server: is from server - FALSE
  conversation = 0x7fa041e5f660, ssl_session = 0x0
  record: offset = 0, reported_length_remaining = 533
dissect_ssl3_record: content_type 23 Application Data

dissect_ssl enter frame #1 (already visited)
packet_from_server: is from server - FALSE
  conversation = 0x7fa041e3a740, ssl_session = 0x0
  record: offset = 0, reported_length_remaining = 319
dissect_ssl3_record: content_type 23 Application Data

dissect_ssl enter frame #1 (already visited)
packet_from_server: is from server - FALSE
  conversation = 0x7fa041e3a740, ssl_session = 0x0
  record: offset = 0, reported_length_remaining = 319
dissect_ssl3_record: content_type 23 Application Data

dissect_ssl enter frame #2 (already visited)
packet_from_server: is from server - FALSE
  conversation = 0x7fa041e3a740, ssl_session = 0x0
  record: offset = 0, reported_length_remaining = 478
dissect_ssl3_record: content_type 23 Application Data

dissect_ssl enter frame #8 (already visited)
packet_from_server: is from server - FALSE
  conversation = 0x7fa041e3a740, ssl_session = 0x0
  record: offset = 0, reported_length_remaining = 2345
dissect_ssl3_record: content_type 23 Application Data

dissect_ssl enter frame #10 (already visited)
packet_from_server: is from server - FALSE
  conversation = 0x7fa041e3a740, ssl_session = 0x0
  record: offset = 0, reported_length_remaining = 319
dissect_ssl3_record: content_type 23 Application Data

dissect_ssl enter frame #11 (already visited)
packet_from_server: is from server - FALSE
  conversation = 0x7fa041e3a740, ssl_session = 0x0
  record: offset = 0, reported_length_remaining = 528
dissect_ssl3_record: content_type 23 Application Data

dissect_ssl enter frame #15 (already visited)
packet_from_server: is from server - FALSE
  conversation = 0x7fa041e5f660, ssl_session = 0x0
  record: offset = 0, reported_length_remaining = 2057
dissect_ssl3_record: content_type 23 Application Data

dissect_ssl enter frame #17 (already visited)
packet_from_server: is from server - FALSE
  conversation = 0x7fa041e5f660, ssl_session = 0x0
  record: offset = 0, reported_length_remaining = 319
dissect_ssl3_record: content_type 23 Application Data

dissect_ssl enter frame #18 (already visited)
packet_from_server: is from server - FALSE
  conversation = 0x7fa041e5f660, ssl_session = 0x0
  record: offset = 0, reported_length_remaining = 535
dissect_ssl3_record: content_type 23 Application Data

dissect_ssl enter frame #22 (already visited)
packet_from_server: is from server - FALSE
  conversation = 0x7fa041e3a740, ssl_session = 0x0
  record: offset = 0, reported_length_remaining = 1895
dissect_ssl3_record: content_type 23 Application Data

dissect_ssl enter frame #24 (already visited)
packet_from_server: is from server - FALSE
  conversation = 0x7fa041e3a740, ssl_session = 0x0
  record: offset = 0, reported_length_remaining = 319
dissect_ssl3_record: content_type 23 Application Data

dissect_ssl enter frame #25 (already visited)
packet_from_server: is from server - FALSE
  conversation = 0x7fa041e3a740, ssl_session = 0x0
  record: offset = 0, reported_length_remaining = 461
dissect_ssl3_record: content_type 23 Application Data

dissect_ssl enter frame #15 (already visited)
packet_from_server: is from server - FALSE
  conversation = 0x7fa041e5f660, ssl_session = 0x0
  record: offset = 0, reported_length_remaining = 2057
dissect_ssl3_record: content_type 23 Application Data

dissect_ssl enter frame #27 (already visited)
packet_from_server: is from server - FALSE
  conversation = 0x7fa041e3a740, ssl_session = 0x0
  record: offset = 0, reported_length_remaining = 1669
dissect_ssl3_record: content_type 23 Application Data

dissect_ssl enter frame #29 (already visited)
packet_from_server: is from server - FALSE
  conversation = 0x7fa041e3a740, ssl_session = 0x0
  record: offset = 0, reported_length_remaining = 319
dissect_ssl3_record: content_type 23 Application Data

dissect_ssl enter frame #30 (already visited)
packet_from_server: is from server - FALSE
  conversation = 0x7fa041e3a740, ssl_session = 0x0
  record: offset = 0, reported_length_remaining = 457
dissect_ssl3_record: content_type 23 Application Data

dissect_ssl enter frame #34 (already visited)
packet_from_server: is from server - FALSE
  conversation = 0x7fa041e3a740, ssl_session = 0x0
  record: offset = 0, reported_length_remaining = 1684
dissect_ssl3_record: content_type 23 Application Data

dissect_ssl enter frame #36 (already visited)
packet_from_server: is from server - FALSE
  conversation = 0x7fa041e3a740, ssl_session = 0x0
  record: offset = 0, reported_length_remaining = 319
dissect_ssl3_record: content_type 23 Application Data

dissect_ssl enter frame #37 (already visited)
packet_from_server: is from server - FALSE
  conversation = 0x7fa041e3a740, ssl_session = 0x0
  record: offset = 0, reported_length_remaining = 538
dissect_ssl3_record: content_type 23 Application Data

dissect_ssl enter frame #41 (already visited)
packet_from_server: is from server - FALSE
  conversation = 0x7fa041e5f660, ssl_session = 0x0
  record: offset = 0, reported_length_remaining = 1780
dissect_ssl3_record: content_type 23 Application Data

dissect_ssl enter frame #43 (already visited)
packet_from_server: is from server - FALSE
  conversation = 0x7fa041e5f660, ssl_session = 0x0
  record: offset = 0, reported_length_remaining = 319
dissect_ssl3_record: content_type 23 Application Data

dissect_ssl enter frame #44 (already visited)
packet_from_server: is from server - FALSE
  conversation = 0x7fa041e5f660, ssl_session = 0x0
  record: offset = 0, reported_length_remaining = 559
dissect_ssl3_record: content_type 23 Application Data

dissect_ssl enter frame #48 (already visited)
packet_from_server: is from server - FALSE
  conversation = 0x7fa041e3a740, ssl_session = 0x0
  record: offset = 0, reported_length_remaining = 1774
dissect_ssl3_record: content_type 23 Application Data

dissect_ssl enter frame #50 (already visited)
packet_from_server: is from server - FALSE
  conversation = 0x7fa041e3a740, ssl_session = 0x0
  record: offset = 0, reported_length_remaining = 319
dissect_ssl3_record: content_type 23 Application Data

dissect_ssl enter frame #51 (already visited)
packet_from_server: is from server - FALSE
  conversation = 0x7fa041e3a740, ssl_session = 0x0
  record: offset = 0, reported_length_remaining = 527
dissect_ssl3_record: content_type 23 Application Data

dissect_ssl enter frame #55 (already visited)
packet_from_server: is from server - FALSE
  conversation = 0x7fa041e5f660, ssl_session = 0x0
  record: offset = 0, reported_length_remaining = 1687
dissect_ssl3_record: content_type 23 Application Data

dissect_ssl enter frame #57 (already visited)
packet_from_server: is from server - FALSE
  conversation = 0x7fa041e5f660, ssl_session = 0x0
  record: offset = 0, reported_length_remaining = 319
dissect_ssl3_record: content_type 23 Application Data

dissect_ssl enter frame #58 (already visited)
packet_from_server: is from server - FALSE
  conversation = 0x7fa041e5f660, ssl_session = 0x0
  record: offset = 0, reported_length_remaining = 542
dissect_ssl3_record: content_type 23 Application Data

dissect_ssl enter frame #62 (already visited)
packet_from_server: is from server - FALSE
  conversation = 0x7fa041e3a740, ssl_session = 0x0
  record: offset = 0, reported_length_remaining = 1728
dissect_ssl3_record: content_type 23 Application Data

dissect_ssl enter frame #64 (already visited)
packet_from_server: is from server - FALSE
  conversation = 0x7fa041e3a740, ssl_session = 0x0
  record: offset = 0, reported_length_remaining = 319
dissect_ssl3_record: content_type 23 Application Data

dissect_ssl enter frame #65 (already visited)
packet_from_server: is from server - FALSE
  conversation = 0x7fa041e3a740, ssl_session = 0x0
  record: offset = 0, reported_length_remaining = 519
dissect_ssl3_record: content_type 23 Application Data

dissect_ssl enter frame #69 (already visited)
packet_from_server: is from server - FALSE
  conversation = 0x7fa041e3a740, ssl_session = 0x0
  record: offset = 0, reported_length_remaining = 1588
dissect_ssl3_record: content_type 23 Application Data

dissect_ssl enter frame #71 (already visited)
packet_from_server: is from server - FALSE
  conversation = 0x7fa041e3a740, ssl_session = 0x0
  record: offset = 0, reported_length_remaining = 319
dissect_ssl3_record: content_type 23 Application Data

dissect_ssl enter frame #72 (already visited)
packet_from_server: is from server - FALSE
  conversation = 0x7fa041e3a740, ssl_session = 0x0
  record: offset = 0, reported_length_remaining = 453
dissect_ssl3_record: content_type 23 Application Data

dissect_ssl enter frame #74 (already visited)
packet_from_server: is from server - FALSE
  conversation = 0x7fa041e5f660, ssl_session = 0x0
  record: offset = 0, reported_length_remaining = 1563
dissect_ssl3_record: content_type 23 Application Data

dissect_ssl enter frame #76 (already visited)
packet_from_server: is from server - FALSE
  conversation = 0x7fa041e5f660, ssl_session = 0x0
  record: offset = 0, reported_length_remaining = 319
dissect_ssl3_record: content_type 23 Application Data

dissect_ssl enter frame #77 (already visited)
packet_from_server: is from server - FALSE
  conversation = 0x7fa041e5f660, ssl_session = 0x0
  record: offset = 0, reported_length_remaining = 522
dissect_ssl3_record: content_type 23 Application Data

dissect_ssl enter frame #83 (already visited)
packet_from_server: is from server - FALSE
  conversation = 0x7fa041e5f660, ssl_session = 0x0
  record: offset = 0, reported_length_remaining = 1687
dissect_ssl3_record: content_type 23 Application Data

dissect_ssl enter frame #85 (already visited)
packet_from_server: is from server - FALSE
  conversation = 0x7fa041e5f660, ssl_session = 0x0
  record: offset = 0, reported_length_remaining = 319
dissect_ssl3_record: content_type 23 Application Data

dissect_ssl enter frame #86 (already visited)
packet_from_server: is from server - FALSE
  conversation = 0x7fa041e5f660, ssl_session = 0x0
  record: offset = 0, reported_length_remaining = 523
dissect_ssl3_record: content_type 23 Application Data

dissect_ssl enter frame #88 (already visited)
packet_from_server: is from server - FALSE
  conversation = 0x7fa041e5f660, ssl_session = 0x0
  record: offset = 0, reported_length_remaining = 1811
dissect_ssl3_record: content_type 23 Application Data

dissect_ssl enter frame #90 (already visited)
packet_from_server: is from server - FALSE
  conversation = 0x7fa041e5f660, ssl_session = 0x0
  record: offset = 0, reported_length_remaining = 319
dissect_ssl3_record: content_type 23 Application Data

dissect_ssl enter frame #1 (already visited)
packet_from_server: is from server - FALSE
  conversation = 0x7fa041e3a740, ssl_session = 0x0
  record: offset = 0, reported_length_remaining = 319
dissect_ssl3_record: content_type 23 Application Data

dissect_ssl enter frame #2 (already visited)
packet_from_server: is from server - FALSE
  conversation = 0x7fa041e3a740, ssl_session = 0x0
  record: offset = 0, reported_length_remaining = 478
dissect_ssl3_record: content_type 23 Application Data

dissect_ssl enter frame #8 (already visited)
packet_from_server: is from server - FALSE
  conversation = 0x7fa041e3a740, ssl_session = 0x0
  record: offset = 0, reported_length_remaining = 2345
dissect_ssl3_record: content_type 23 Application Data

dissect_ssl enter frame #10 (already visited)
packet_from_server: is from server - FALSE
  conversation = 0x7fa041e3a740, ssl_session = 0x0
  record: offset = 0, reported_length_remaining = 319
dissect_ssl3_record: content_type 23 Application Data

dissect_ssl enter frame #11 (already visited)
packet_from_server: is from server - FALSE
  conversation = 0x7fa041e3a740, ssl_session = 0x0
  record: offset = 0, reported_length_remaining = 528
dissect_ssl3_record: content_type 23 Application Data

dissect_ssl enter frame #15 (already visited)
packet_from_server: is from server - FALSE
  conversation = 0x7fa041e5f660, ssl_session = 0x0
  record: offset = 0, reported_length_remaining = 2057
dissect_ssl3_record: content_type 23 Application Data

dissect_ssl enter frame #17 (already visited)
packet_from_server: is from server - FALSE
  conversation = 0x7fa041e5f660, ssl_session = 0x0
  record: offset = 0, reported_length_remaining = 319
dissect_ssl3_record: content_type 23 Application Data

dissect_ssl enter frame #18 (already visited)
packet_from_server: is from server - FALSE
  conversation = 0x7fa041e5f660, ssl_session = 0x0
  record: offset = 0, reported_length_remaining = 535
dissect_ssl3_record: content_type 23 Application Data

dissect_ssl enter frame #22 (already visited)
packet_from_server: is from server - FALSE
  conversation = 0x7fa041e3a740, ssl_session = 0x0
  record: offset = 0, reported_length_remaining = 1895
dissect_ssl3_record: content_type 23 Application Data

dissect_ssl enter frame #24 (already visited)
packet_from_server: is from server - FALSE
  conversation = 0x7fa041e3a740, ssl_session = 0x0
  record: offset = 0, reported_length_remaining = 319
dissect_ssl3_record: content_type 23 Application Data

dissect_ssl enter frame #25 (already visited)
packet_from_server: is from server - FALSE
  conversation = 0x7fa041e3a740, ssl_session = 0x0
  record: offset = 0, reported_length_remaining = 461
dissect_ssl3_record: content_type 23 Application Data

dissect_ssl enter frame #27 (already visited)
packet_from_server: is from server - FALSE
  conversation = 0x7fa041e3a740, ssl_session = 0x0
  record: offset = 0, reported_length_remaining = 1669
dissect_ssl3_record: content_type 23 Application Data

dissect_ssl enter frame #29 (already visited)
packet_from_server: is from server - FALSE
  conversation = 0x7fa041e3a740, ssl_session = 0x0
  record: offset = 0, reported_length_remaining = 319
dissect_ssl3_record: content_type 23 Application Data

dissect_ssl enter frame #30 (already visited)
packet_from_server: is from server - FALSE
  conversation = 0x7fa041e3a740, ssl_session = 0x0
  record: offset = 0, reported_length_remaining = 457
dissect_ssl3_record: content_type 23 Application Data

dissect_ssl enter frame #34 (already visited)
packet_from_server: is from server - FALSE
  conversation = 0x7fa041e3a740, ssl_session = 0x0
  record: offset = 0, reported_length_remaining = 1684
dissect_ssl3_record: content_type 23 Application Data

dissect_ssl enter frame #36 (already visited)
packet_from_server: is from server - FALSE
  conversation = 0x7fa041e3a740, ssl_session = 0x0
  record: offset = 0, reported_length_remaining = 319
dissect_ssl3_record: content_type 23 Application Data

dissect_ssl enter frame #37 (already visited)
packet_from_server: is from server - FALSE
  conversation = 0x7fa041e3a740, ssl_session = 0x0
  record: offset = 0, reported_length_remaining = 538
dissect_ssl3_record: content_type 23 Application Data

dissect_ssl enter frame #41 (already visited)
packet_from_server: is from server - FALSE
  conversation = 0x7fa041e5f660, ssl_session = 0x0
  record: offset = 0, reported_length_remaining = 1780
dissect_ssl3_record: content_type 23 Application Data

dissect_ssl enter frame #43 (already visited)
packet_from_server: is from server - FALSE
  conversation = 0x7fa041e5f660, ssl_session = 0x0
  record: offset = 0, reported_length_remaining = 319
dissect_ssl3_record: content_type 23 Application Data

dissect_ssl enter frame #44 (already visited)
packet_from_server: is from server - FALSE
  conversation = 0x7fa041e5f660, ssl_session = 0x0
  record: offset = 0, reported_length_remaining = 559
dissect_ssl3_record: content_type 23 Application Data

dissect_ssl enter frame #48 (already visited)
packet_from_server: is from server - FALSE
  conversation = 0x7fa041e3a740, ssl_session = 0x0
  record: offset = 0, reported_length_remaining = 1774
dissect_ssl3_record: content_type 23 Application Data

dissect_ssl enter frame #50 (already visited)
packet_from_server: is from server - FALSE
  conversation = 0x7fa041e3a740, ssl_session = 0x0
  record: offset = 0, reported_length_remaining = 319
dissect_ssl3_record: content_type 23 Application Data

dissect_ssl enter frame #51 (already visited)
packet_from_server: is from server - FALSE
  conversation = 0x7fa041e3a740, ssl_session = 0x0
  record: offset = 0, reported_length_remaining = 527
dissect_ssl3_record: content_type 23 Application Data

dissect_ssl enter frame #55 (already visited)
packet_from_server: is from server - FALSE
  conversation = 0x7fa041e5f660, ssl_session = 0x0
  record: offset = 0, reported_length_remaining = 1687
dissect_ssl3_record: content_type 23 Application Data

dissect_ssl enter frame #57 (already visited)
packet_from_server: is from server - FALSE
  conversation = 0x7fa041e5f660, ssl_session = 0x0
  record: offset = 0, reported_length_remaining = 319
dissect_ssl3_record: content_type 23 Application Data

dissect_ssl enter frame #58 (already visited)
packet_from_server: is from server - FALSE
  conversation = 0x7fa041e5f660, ssl_session = 0x0
  record: offset = 0, reported_length_remaining = 542
dissect_ssl3_record: content_type 23 Application Data

dissect_ssl enter frame #62 (already visited)
packet_from_server: is from server - FALSE
  conversation = 0x7fa041e3a740, ssl_session = 0x0
  record: offset = 0, reported_length_remaining = 1728
dissect_ssl3_record: content_type 23 Application Data

dissect_ssl enter frame #64 (already visited)
packet_from_server: is from server - FALSE
  conversation = 0x7fa041e3a740, ssl_session = 0x0
  record: offset = 0, reported_length_remaining = 319
dissect_ssl3_record: content_type 23 Application Data

dissect_ssl enter frame #65 (already visited)
packet_from_server: is from server - FALSE
  conversation = 0x7fa041e3a740, ssl_session = 0x0
  record: offset = 0, reported_length_remaining = 519
dissect_ssl3_record: content_type 23 Application Data

dissect_ssl enter frame #69 (already visited)
packet_from_server: is from server - FALSE
  conversation = 0x7fa041e3a740, ssl_session = 0x0
  record: offset = 0, reported_length_remaining = 1588
dissect_ssl3_record: content_type 23 Application Data

dissect_ssl enter frame #71 (already visited)
packet_from_server: is from server - FALSE
  conversation = 0x7fa041e3a740, ssl_session = 0x0
  record: offset = 0, reported_length_remaining = 319
dissect_ssl3_record: content_type 23 Application Data

dissect_ssl enter frame #72 (already visited)
packet_from_server: is from server - FALSE
  conversation = 0x7fa041e3a740, ssl_session = 0x0
  record: offset = 0, reported_length_remaining = 453
dissect_ssl3_record: content_type 23 Application Data

dissect_ssl enter frame #74 (already visited)
packet_from_server: is from server - FALSE
  conversation = 0x7fa041e5f660, ssl_session = 0x0
  record: offset = 0, reported_length_remaining = 1563
dissect_ssl3_record: content_type 23 Application Data

dissect_ssl enter frame #76 (already visited)
packet_from_server: is from server - FALSE
  conversation = 0x7fa041e5f660, ssl_session = 0x0
  record: offset = 0, reported_length_remaining = 319
dissect_ssl3_record: content_type 23 Application Data

dissect_ssl enter frame #77 (already visited)
packet_from_server: is from server - FALSE
  conversation = 0x7fa041e5f660, ssl_session = 0x0
  record: offset = 0, reported_length_remaining = 522
dissect_ssl3_record: content_type 23 Application Data

dissect_ssl enter frame #83 (already visited)
packet_from_server: is from server - FALSE
  conversation = 0x7fa041e5f660, ssl_session = 0x0
  record: offset = 0, reported_length_remaining = 1687
dissect_ssl3_record: content_type 23 Application Data

dissect_ssl enter frame #85 (already visited)
packet_from_server: is from server - FALSE
  conversation = 0x7fa041e5f660, ssl_session = 0x0
  record: offset = 0, reported_length_remaining = 319
dissect_ssl3_record: content_type 23 Application Data

dissect_ssl enter frame #86 (already visited)
packet_from_server: is from server - FALSE
  conversation = 0x7fa041e5f660, ssl_session = 0x0
  record: offset = 0, reported_length_remaining = 523
dissect_ssl3_record: content_type 23 Application Data

dissect_ssl enter frame #88 (already visited)
packet_from_server: is from server - FALSE
  conversation = 0x7fa041e5f660, ssl_session = 0x0
  record: offset = 0, reported_length_remaining = 1811
dissect_ssl3_record: content_type 23 Application Data

dissect_ssl enter frame #90 (already visited)
packet_from_server: is from server - FALSE
  conversation = 0x7fa041e5f660, ssl_session = 0x0
  record: offset = 0, reported_length_remaining = 319
dissect_ssl3_record: content_type 23 Application Data

dissect_ssl enter frame #91 (already visited)
packet_from_server: is from server - FALSE
  conversation = 0x7fa041e5f660, ssl_session = 0x0
  record: offset = 0, reported_length_remaining = 562
dissect_ssl3_record: content_type 23 Application Data

dissect_ssl enter frame #95 (already visited)
packet_from_server: is from server - FALSE
  conversation = 0x7fa041e5f660, ssl_session = 0x0
  record: offset = 0, reported_length_remaining = 1689
dissect_ssl3_record: content_type 23 Application Data

dissect_ssl enter frame #97 (already visited)
packet_from_server: is from server - FALSE
  conversation = 0x7fa041e5f660, ssl_session = 0x0
  record: offset = 0, reported_length_remaining = 319
dissect_ssl3_record: content_type 23 Application Data

dissect_ssl enter frame #98 (already visited)
packet_from_server: is from server - FALSE
  conversation = 0x7fa041e5f660, ssl_session = 0x0
  record: offset = 0, reported_length_remaining = 521
dissect_ssl3_record: content_type 23 Application Data

dissect_ssl enter frame #100 (already visited)
packet_from_server: is from server - FALSE
  conversation = 0x7fa041e3a740, ssl_session = 0x0
  record: offset = 0, reported_length_remaining = 1695
dissect_ssl3_record: content_type 23 Application Data

dissect_ssl enter frame #102 (already visited)
packet_from_server: is from server - FALSE
  conversation = 0x7fa041e3a740, ssl_session = 0x0
  record: offset = 0, reported_length_remaining = 319
dissect_ssl3_record: content_type 23 Application Data

dissect_ssl enter frame #103 (already visited)
packet_from_server: is from server - FALSE
  conversation = 0x7fa041e3a740, ssl_session = 0x0
  record: offset = 0, reported_length_remaining = 547
dissect_ssl3_record: content_type 23 Application Data

dissect_ssl enter frame #109 (already visited)
packet_from_server: is from server - FALSE
  conversation = 0x7fa041e5f660, ssl_session = 0x0
  record: offset = 0, reported_length_remaining = 1618
dissect_ssl3_record: content_type 23 Application Data

dissect_ssl enter frame #111 (already visited)
packet_from_server: is from server - FALSE
  conversation = 0x7fa041e5f660, ssl_session = 0x0
  record: offset = 0, reported_length_remaining = 319
dissect_ssl3_record: content_type 23 Application Data

dissect_ssl enter frame #112 (already visited)
packet_from_server: is from server - FALSE
  conversation = 0x7fa041e5f660, ssl_session = 0x0
  record: offset = 0, reported_length_remaining = 472
dissect_ssl3_record: content_type 23 Application Data

dissect_ssl enter frame #116 (already visited)
packet_from_server: is from server - FALSE
  conversation = 0x7fa041e3a740, ssl_session = 0x0
  record: offset = 0, reported_length_remaining = 1683
dissect_ssl3_record: content_type 23 Application Data

dissect_ssl enter frame #118 (already visited)
packet_from_server: is from server - FALSE
  conversation = 0x7fa041e3a740, ssl_session = 0x0
  record: offset = 0, reported_length_remaining = 319
dissect_ssl3_record: content_type 23 Application Data

dissect_ssl enter frame #119 (already visited)
packet_from_server: is from server - FALSE
  conversation = 0x7fa041e3a740, ssl_session = 0x0
  record: offset = 0, reported_length_remaining = 531
dissect_ssl3_record: content_type 23 Application Data

dissect_ssl enter frame #123 (already visited)
packet_from_server: is from server - FALSE
  conversation = 0x7fa041e5f660, ssl_session = 0x0
  record: offset = 0, reported_length_remaining = 2260
dissect_ssl3_record: content_type 23 Application Data

dissect_ssl enter frame #125 (already visited)
packet_from_server: is from server - FALSE
  conversation = 0x7fa041e5f660, ssl_session = 0x0
  record: offset = 0, reported_length_remaining = 319
dissect_ssl3_record: content_type 23 Application Data

dissect_ssl enter frame #126 (already visited)
packet_from_server: is from server - FALSE
  conversation = 0x7fa041e5f660, ssl_session = 0x0
  record: offset = 0, reported_length_remaining = 533
dissect_ssl3_record: content_type 23 Application Data

dissect_ssl enter frame #1 (already visited)
packet_from_server: is from server - FALSE
  conversation = 0x7fa041e3a740, ssl_session = 0x0
  record: offset = 0, reported_length_remaining = 319
dissect_ssl3_record: content_type 23 Application Data

dissect_ssl enter frame #1 (already visited)
packet_from_server: is from server - FALSE
  conversation = 0x7fa041e3a740, ssl_session = 0x0
  record: offset = 0, reported_length_remaining = 319
dissect_ssl3_record: content_type 23 Application Data

dissect_ssl enter frame #62 (already visited)
packet_from_server: is from server - FALSE
  conversation = 0x7fa041e3a740, ssl_session = 0x0
  record: offset = 0, reported_length_remaining = 1728
dissect_ssl3_record: content_type 23 Application Data

dissect_ssl enter frame #64 (already visited)
packet_from_server: is from server - FALSE
  conversation = 0x7fa041e3a740, ssl_session = 0x0
  record: offset = 0, reported_length_remaining = 319
dissect_ssl3_record: content_type 23 Application Data

dissect_ssl enter frame #65 (already visited)
packet_from_server: is from server - FALSE
  conversation = 0x7fa041e3a740, ssl_session = 0x0
  record: offset = 0, reported_length_remaining = 519
dissect_ssl3_record: content_type 23 Application Data

dissect_ssl enter frame #69 (already visited)
packet_from_server: is from server - FALSE
  conversation = 0x7fa041e3a740, ssl_session = 0x0
  record: offset = 0, reported_length_remaining = 1588
dissect_ssl3_record: content_type 23 Application Data

dissect_ssl enter frame #71 (already visited)
packet_from_server: is from server - FALSE
  conversation = 0x7fa041e3a740, ssl_session = 0x0
  record: offset = 0, reported_length_remaining = 319
dissect_ssl3_record: content_type 23 Application Data

dissect_ssl enter frame #72 (already visited)
packet_from_server: is from server - FALSE
  conversation = 0x7fa041e3a740, ssl_session = 0x0
  record: offset = 0, reported_length_remaining = 453
dissect_ssl3_record: content_type 23 Application Data

dissect_ssl enter frame #100 (already visited)
packet_from_server: is from server - FALSE
  conversation = 0x7fa041e3a740, ssl_session = 0x0
  record: offset = 0, reported_length_remaining = 1695
dissect_ssl3_record: content_type 23 Application Data

dissect_ssl enter frame #102 (already visited)
packet_from_server: is from server - FALSE
  conversation = 0x7fa041e3a740, ssl_session = 0x0
  record: offset = 0, reported_length_remaining = 319
dissect_ssl3_record: content_type 23 Application Data

dissect_ssl enter frame #103 (already visited)
packet_from_server: is from server - FALSE
  conversation = 0x7fa041e3a740, ssl_session = 0x0
  record: offset = 0, reported_length_remaining = 547
dissect_ssl3_record: content_type 23 Application Data

dissect_ssl enter frame #116 (already visited)
packet_from_server: is from server - FALSE
  conversation = 0x7fa041e3a740, ssl_session = 0x0
  record: offset = 0, reported_length_remaining = 1683
dissect_ssl3_record: content_type 23 Application Data

dissect_ssl enter frame #118 (already visited)
packet_from_server: is from server - FALSE
  conversation = 0x7fa041e3a740, ssl_session = 0x0
  record: offset = 0, reported_length_remaining = 319
dissect_ssl3_record: content_type 23 Application Data

dissect_ssl enter frame #119 (already visited)
packet_from_server: is from server - FALSE
  conversation = 0x7fa041e3a740, ssl_session = 0x0
  record: offset = 0, reported_length_remaining = 531
dissect_ssl3_record: content_type 23 Application Data

dissect_ssl enter frame #50 (already visited)
packet_from_server: is from server - FALSE
  conversation = 0x7fa041e3a740, ssl_session = 0x0
  record: offset = 0, reported_length_remaining = 319
dissect_ssl3_record: content_type 23 Application Data

dissect_ssl enter frame #51 (already visited)
packet_from_server: is from server - FALSE
  conversation = 0x7fa041e3a740, ssl_session = 0x0
  record: offset = 0, reported_length_remaining = 527
dissect_ssl3_record: content_type 23 Application Data

dissect_ssl enter frame #36 (already visited)
packet_from_server: is from server - FALSE
  conversation = 0x7fa041e3a740, ssl_session = 0x0
  record: offset = 0, reported_length_remaining = 319
dissect_ssl3_record: content_type 23 Application Data

dissect_ssl enter frame #37 (already visited)
packet_from_server: is from server - FALSE
  conversation = 0x7fa041e3a740, ssl_session = 0x0
  record: offset = 0, reported_length_remaining = 538
dissect_ssl3_record: content_type 23 Application Data

dissect_ssl enter frame #48 (already visited)
packet_from_server: is from server - FALSE
  conversation = 0x7fa041e3a740, ssl_session = 0x0
  record: offset = 0, reported_length_remaining = 1774
dissect_ssl3_record: content_type 23 Application Data

dissect_ssl enter frame #29 (already visited)
packet_from_server: is from server - FALSE
  conversation = 0x7fa041e3a740, ssl_session = 0x0
  record: offset = 0, reported_length_remaining = 319
dissect_ssl3_record: content_type 23 Application Data

dissect_ssl enter frame #30 (already visited)
packet_from_server: is from server - FALSE
  conversation = 0x7fa041e3a740, ssl_session = 0x0
  record: offset = 0, reported_length_remaining = 457
dissect_ssl3_record: content_type 23 Application Data

dissect_ssl enter frame #34 (already visited)
packet_from_server: is from server - FALSE
  conversation = 0x7fa041e3a740, ssl_session = 0x0
  record: offset = 0, reported_length_remaining = 1684
dissect_ssl3_record: content_type 23 Application Data

dissect_ssl enter frame #10 (already visited)
packet_from_server: is from server - FALSE
  conversation = 0x7fa041e3a740, ssl_session = 0x0
  record: offset = 0, reported_length_remaining = 319
dissect_ssl3_record: content_type 23 Application Data

dissect_ssl enter frame #11 (already visited)
packet_from_server: is from server - FALSE
  conversation = 0x7fa041e3a740, ssl_session = 0x0
  record: offset = 0, reported_length_remaining = 528
dissect_ssl3_record: content_type 23 Application Data

dissect_ssl enter frame #22 (already visited)
packet_from_server: is from server - FALSE
  conversation = 0x7fa041e3a740, ssl_session = 0x0
  record: offset = 0, reported_length_remaining = 1895
dissect_ssl3_record: content_type 23 Application Data

dissect_ssl enter frame #24 (already visited)
packet_from_server: is from server - FALSE
  conversation = 0x7fa041e3a740, ssl_session = 0x0
  record: offset = 0, reported_length_remaining = 319
dissect_ssl3_record: content_type 23 Application Data

dissect_ssl enter frame #25 (already visited)
packet_from_server: is from server - FALSE
  conversation = 0x7fa041e3a740, ssl_session = 0x0
  record: offset = 0, reported_length_remaining = 461
dissect_ssl3_record: content_type 23 Application Data

dissect_ssl enter frame #27 (already visited)
packet_from_server: is from server - FALSE
  conversation = 0x7fa041e3a740, ssl_session = 0x0
  record: offset = 0, reported_length_remaining = 1669
dissect_ssl3_record: content_type 23 Application Data

dissect_ssl enter frame #2 (already visited)
packet_from_server: is from server - FALSE
  conversation = 0x7fa041e3a740, ssl_session = 0x0
  record: offset = 0, reported_length_remaining = 478
dissect_ssl3_record: content_type 23 Application Data

dissect_ssl enter frame #8 (already visited)
packet_from_server: is from server - FALSE
  conversation = 0x7fa041e3a740, ssl_session = 0x0
  record: offset = 0, reported_length_remaining = 2345
dissect_ssl3_record: content_type 23 Application Data

dissect_ssl enter frame #1 (already visited)
packet_from_server: is from server - FALSE
  conversation = 0x7fa041e3a740, ssl_session = 0x0
  record: offset = 0, reported_length_remaining = 319
dissect_ssl3_record: content_type 23 Application Data

dissect_ssl enter frame #2 (already visited)
packet_from_server: is from server - FALSE
  conversation = 0x7fa041e3a740, ssl_session = 0x0
  record: offset = 0, reported_length_remaining = 478
dissect_ssl3_record: content_type 23 Application Data

dissect_ssl enter frame #8 (already visited)
packet_from_server: is from server - FALSE
  conversation = 0x7fa041e3a740, ssl_session = 0x0
  record: offset = 0, reported_length_remaining = 2345
dissect_ssl3_record: content_type 23 Application Data

dissect_ssl enter frame #10 (already visited)
packet_from_server: is from server - FALSE
  conversation = 0x7fa041e3a740, ssl_session = 0x0
  record: offset = 0, reported_length_remaining = 319
dissect_ssl3_record: content_type 23 Application Data

dissect_ssl enter frame #11 (already visited)
packet_from_server: is from server - FALSE
  conversation = 0x7fa041e3a740, ssl_session = 0x0
  record: offset = 0, reported_length_remaining = 528
dissect_ssl3_record: content_type 23 Application Data

dissect_ssl enter frame #15 (already visited)
packet_from_server: is from server - FALSE
  conversation = 0x7fa041e5f660, ssl_session = 0x0
  record: offset = 0, reported_length_remaining = 2057
dissect_ssl3_record: content_type 23 Application Data

dissect_ssl enter frame #17 (already visited)
packet_from_server: is from server - FALSE
  conversation = 0x7fa041e5f660, ssl_session = 0x0
  record: offset = 0, reported_length_remaining = 319
dissect_ssl3_record: content_type 23 Application Data

dissect_ssl enter frame #18 (already visited)
packet_from_server: is from server - FALSE
  conversation = 0x7fa041e5f660, ssl_session = 0x0
  record: offset = 0, reported_length_remaining = 535
dissect_ssl3_record: content_type 23 Application Data

dissect_ssl enter frame #22 (already visited)
packet_from_server: is from server - FALSE
  conversation = 0x7fa041e3a740, ssl_session = 0x0
  record: offset = 0, reported_length_remaining = 1895
dissect_ssl3_record: content_type 23 Application Data

dissect_ssl enter frame #24 (already visited)
packet_from_server: is from server - FALSE
  conversation = 0x7fa041e3a740, ssl_session = 0x0
  record: offset = 0, reported_length_remaining = 319
dissect_ssl3_record: content_type 23 Application Data

dissect_ssl enter frame #25 (already visited)
packet_from_server: is from server - FALSE
  conversation = 0x7fa041e3a740, ssl_session = 0x0
  record: offset = 0, reported_length_remaining = 461
dissect_ssl3_record: content_type 23 Application Data

dissect_ssl enter frame #27 (already visited)
packet_from_server: is from server - FALSE
  conversation = 0x7fa041e3a740, ssl_session = 0x0
  record: offset = 0, reported_length_remaining = 1669
dissect_ssl3_record: content_type 23 Application Data

dissect_ssl enter frame #29 (already visited)
packet_from_server: is from server - FALSE
  conversation = 0x7fa041e3a740, ssl_session = 0x0
  record: offset = 0, reported_length_remaining = 319
dissect_ssl3_record: content_type 23 Application Data

dissect_ssl enter frame #30 (already visited)
packet_from_server: is from server - FALSE
  conversation = 0x7fa041e3a740, ssl_session = 0x0
  record: offset = 0, reported_length_remaining = 457
dissect_ssl3_record: content_type 23 Application Data

dissect_ssl enter frame #34 (already visited)
packet_from_server: is from server - FALSE
  conversation = 0x7fa041e3a740, ssl_session = 0x0
  record: offset = 0, reported_length_remaining = 1684
dissect_ssl3_record: content_type 23 Application Data

dissect_ssl enter frame #36 (already visited)
packet_from_server: is from server - FALSE
  conversation = 0x7fa041e3a740, ssl_session = 0x0
  record: offset = 0, reported_length_remaining = 319
dissect_ssl3_record: content_type 23 Application Data

dissect_ssl enter frame #37 (already visited)
packet_from_server: is from server - FALSE
  conversation = 0x7fa041e3a740, ssl_session = 0x0
  record: offset = 0, reported_length_remaining = 538
dissect_ssl3_record: content_type 23 Application Data

dissect_ssl enter frame #41 (already visited)
packet_from_server: is from server - FALSE
  conversation = 0x7fa041e5f660, ssl_session = 0x0
  record: offset = 0, reported_length_remaining = 1780
dissect_ssl3_record: content_type 23 Application Data

dissect_ssl enter frame #43 (already visited)
packet_from_server: is from server - FALSE
  conversation = 0x7fa041e5f660, ssl_session = 0x0
  record: offset = 0, reported_length_remaining = 319
dissect_ssl3_record: content_type 23 Application Data

dissect_ssl enter frame #44 (already visited)
packet_from_server: is from server - FALSE
  conversation = 0x7fa041e5f660, ssl_session = 0x0
  record: offset = 0, reported_length_remaining = 559
dissect_ssl3_record: content_type 23 Application Data

dissect_ssl enter frame #48 (already visited)
packet_from_server: is from server - FALSE
  conversation = 0x7fa041e3a740, ssl_session = 0x0
  record: offset = 0, reported_length_remaining = 1774
dissect_ssl3_record: content_type 23 Application Data

dissect_ssl enter frame #50 (already visited)
packet_from_server: is from server - FALSE
  conversation = 0x7fa041e3a740, ssl_session = 0x0
  record: offset = 0, reported_length_remaining = 319
dissect_ssl3_record: content_type 23 Application Data

dissect_ssl enter frame #51 (already visited)
packet_from_server: is from server - FALSE
  conversation = 0x7fa041e3a740, ssl_session = 0x0
  record: offset = 0, reported_length_remaining = 527
dissect_ssl3_record: content_type 23 Application Data

dissect_ssl enter frame #55 (already visited)
packet_from_server: is from server - FALSE
  conversation = 0x7fa041e5f660, ssl_session = 0x0
  record: offset = 0, reported_length_remaining = 1687
dissect_ssl3_record: content_type 23 Application Data

dissect_ssl enter frame #57 (already visited)
packet_from_server: is from server - FALSE
  conversation = 0x7fa041e5f660, ssl_session = 0x0
  record: offset = 0, reported_length_remaining = 319
dissect_ssl3_record: content_type 23 Application Data

dissect_ssl enter frame #58 (already visited)
packet_from_server: is from server - FALSE
  conversation = 0x7fa041e5f660, ssl_session = 0x0
  record: offset = 0, reported_length_remaining = 542
dissect_ssl3_record: content_type 23 Application Data

dissect_ssl enter frame #62 (already visited)
packet_from_server: is from server - FALSE
  conversation = 0x7fa041e3a740, ssl_session = 0x0
  record: offset = 0, reported_length_remaining = 1728
dissect_ssl3_record: content_type 23 Application Data

dissect_ssl enter frame #64 (already visited)
packet_from_server: is from server - FALSE
  conversation = 0x7fa041e3a740, ssl_session = 0x0
  record: offset = 0, reported_length_remaining = 319
dissect_ssl3_record: content_type 23 Application Data

dissect_ssl enter frame #65 (already visited)
packet_from_server: is from server - FALSE
  conversation = 0x7fa041e3a740, ssl_session = 0x0
  record: offset = 0, reported_length_remaining = 519
dissect_ssl3_record: content_type 23 Application Data

dissect_ssl enter frame #69 (already visited)
packet_from_server: is from server - FALSE
  conversation = 0x7fa041e3a740, ssl_session = 0x0
  record: offset = 0, reported_length_remaining = 1588
dissect_ssl3_record: content_type 23 Application Data

dissect_ssl enter frame #71 (already visited)
packet_from_server: is from server - FALSE
  conversation = 0x7fa041e3a740, ssl_session = 0x0
  record: offset = 0, reported_length_remaining = 319
dissect_ssl3_record: content_type 23 Application Data

dissect_ssl enter frame #72 (already visited)
packet_from_server: is from server - FALSE
  conversation = 0x7fa041e3a740, ssl_session = 0x0
  record: offset = 0, reported_length_remaining = 453
dissect_ssl3_record: content_type 23 Application Data

dissect_ssl enter frame #74 (already visited)
packet_from_server: is from server - FALSE
  conversation = 0x7fa041e5f660, ssl_session = 0x0
  record: offset = 0, reported_length_remaining = 1563
dissect_ssl3_record: content_type 23 Application Data

dissect_ssl enter frame #76 (already visited)
packet_from_server: is from server - FALSE
  conversation = 0x7fa041e5f660, ssl_session = 0x0
  record: offset = 0, reported_length_remaining = 319
dissect_ssl3_record: content_type 23 Application Data

dissect_ssl enter frame #77 (already visited)
packet_from_server: is from server - FALSE
  conversation = 0x7fa041e5f660, ssl_session = 0x0
  record: offset = 0, reported_length_remaining = 522
dissect_ssl3_record: content_type 23 Application Data

dissect_ssl enter frame #83 (already visited)
packet_from_server: is from server - FALSE
  conversation = 0x7fa041e5f660, ssl_session = 0x0
  record: offset = 0, reported_length_remaining = 1687
dissect_ssl3_record: content_type 23 Application Data

dissect_ssl enter frame #85 (already visited)
packet_from_server: is from server - FALSE
  conversation = 0x7fa041e5f660, ssl_session = 0x0
  record: offset = 0, reported_length_remaining = 319
dissect_ssl3_record: content_type 23 Application Data

dissect_ssl enter frame #86 (already visited)
packet_from_server: is from server - FALSE
  conversation = 0x7fa041e5f660, ssl_session = 0x0
  record: offset = 0, reported_length_remaining = 523
dissect_ssl3_record: content_type 23 Application Data

dissect_ssl enter frame #88 (already visited)
packet_from_server: is from server - FALSE
  conversation = 0x7fa041e5f660, ssl_session = 0x0
  record: offset = 0, reported_length_remaining = 1811
dissect_ssl3_record: content_type 23 Application Data

dissect_ssl enter frame #90 (already visited)
packet_from_server: is from server - FALSE
  conversation = 0x7fa041e5f660, ssl_session = 0x0
  record: offset = 0, reported_length_remaining = 319
dissect_ssl3_record: content_type 23 Application Data

dissect_ssl enter frame #91 (already visited)
packet_from_server: is from server - FALSE
  conversation = 0x7fa041e5f660, ssl_session = 0x0
  record: offset = 0, reported_length_remaining = 562
dissect_ssl3_record: content_type 23 Application Data

dissect_ssl enter frame #95 (already visited)
packet_from_server: is from server - FALSE
  conversation = 0x7fa041e5f660, ssl_session = 0x0
  record: offset = 0, reported_length_remaining = 1689
dissect_ssl3_record: content_type 23 Application Data

dissect_ssl enter frame #97 (already visited)
packet_from_server: is from server - FALSE
  conversation = 0x7fa041e5f660, ssl_session = 0x0
  record: offset = 0, reported_length_remaining = 319
dissect_ssl3_record: content_type 23 Application Data

dissect_ssl enter frame #98 (already visited)
packet_from_server: is from server - FALSE
  conversation = 0x7fa041e5f660, ssl_session = 0x0
  record: offset = 0, reported_length_remaining = 521
dissect_ssl3_record: content_type 23 Application Data

dissect_ssl enter frame #100 (already visited)
packet_from_server: is from server - FALSE
  conversation = 0x7fa041e3a740, ssl_session = 0x0
  record: offset = 0, reported_length_remaining = 1695
dissect_ssl3_record: content_type 23 Application Data

dissect_ssl enter frame #102 (already visited)
packet_from_server: is from server - FALSE
  conversation = 0x7fa041e3a740, ssl_session = 0x0
  record: offset = 0, reported_length_remaining = 319
dissect_ssl3_record: content_type 23 Application Data

dissect_ssl enter frame #103 (already visited)
packet_from_server: is from server - FALSE
  conversation = 0x7fa041e3a740, ssl_session = 0x0
  record: offset = 0, reported_length_remaining = 547
dissect_ssl3_record: content_type 23 Application Data

dissect_ssl enter frame #109 (already visited)
packet_from_server: is from server - FALSE
  conversation = 0x7fa041e5f660, ssl_session = 0x0
  record: offset = 0, reported_length_remaining = 1618
dissect_ssl3_record: content_type 23 Application Data

dissect_ssl enter frame #111 (already visited)
packet_from_server: is from server - FALSE
  conversation = 0x7fa041e5f660, ssl_session = 0x0
  record: offset = 0, reported_length_remaining = 319
dissect_ssl3_record: content_type 23 Application Data

dissect_ssl enter frame #112 (already visited)
packet_from_server: is from server - FALSE
  conversation = 0x7fa041e5f660, ssl_session = 0x0
  record: offset = 0, reported_length_remaining = 472
dissect_ssl3_record: content_type 23 Application Data

dissect_ssl enter frame #116 (already visited)
packet_from_server: is from server - FALSE
  conversation = 0x7fa041e3a740, ssl_session = 0x0
  record: offset = 0, reported_length_remaining = 1683
dissect_ssl3_record: content_type 23 Application Data

dissect_ssl enter frame #118 (already visited)
packet_from_server: is from server - FALSE
  conversation = 0x7fa041e3a740, ssl_session = 0x0
  record: offset = 0, reported_length_remaining = 319
dissect_ssl3_record: content_type 23 Application Data

dissect_ssl enter frame #119 (already visited)
packet_from_server: is from server - FALSE
  conversation = 0x7fa041e3a740, ssl_session = 0x0
  record: offset = 0, reported_length_remaining = 531
dissect_ssl3_record: content_type 23 Application Data

dissect_ssl enter frame #123 (already visited)
packet_from_server: is from server - FALSE
  conversation = 0x7fa041e5f660, ssl_session = 0x0
  record: offset = 0, reported_length_remaining = 2260
dissect_ssl3_record: content_type 23 Application Data

dissect_ssl enter frame #125 (already visited)
packet_from_server: is from server - FALSE
  conversation = 0x7fa041e5f660, ssl_session = 0x0
  record: offset = 0, reported_length_remaining = 319
dissect_ssl3_record: content_type 23 Application Data

dissect_ssl enter frame #126 (already visited)
packet_from_server: is from server - FALSE
  conversation = 0x7fa041e5f660, ssl_session = 0x0
  record: offset = 0, reported_length_remaining = 533
dissect_ssl3_record: content_type 23 Application Data

dissect_ssl enter frame #1 (already visited)
packet_from_server: is from server - FALSE
  conversation = 0x7fa041e3a740, ssl_session = 0x0
  record: offset = 0, reported_length_remaining = 319
dissect_ssl3_record: content_type 23 Application Data

dissect_ssl enter frame #1 (already visited)
packet_from_server: is from server - FALSE
  conversation = 0x7fa041e3a740, ssl_session = 0x0
  record: offset = 0, reported_length_remaining = 319
dissect_ssl3_record: content_type 23 Application Data

dissect_ssl enter frame #109 (already visited)
packet_from_server: is from server - FALSE
  conversation = 0x7fa041e5f660, ssl_session = 0x0
  record: offset = 0, reported_length_remaining = 1618
dissect_ssl3_record: content_type 23 Application Data

dissect_ssl enter frame #111 (already visited)
packet_from_server: is from server - FALSE
  conversation = 0x7fa041e5f660, ssl_session = 0x0
  record: offset = 0, reported_length_remaining = 319
dissect_ssl3_record: content_type 23 Application Data

dissect_ssl enter frame #112 (already visited)
packet_from_server: is from server - FALSE
  conversation = 0x7fa041e5f660, ssl_session = 0x0
  record: offset = 0, reported_length_remaining = 472
dissect_ssl3_record: content_type 23 Application Data

dissect_ssl enter frame #116 (already visited)
packet_from_server: is from server - FALSE
  conversation = 0x7fa041e3a740, ssl_session = 0x0
  record: offset = 0, reported_length_remaining = 1683
dissect_ssl3_record: content_type 23 Application Data

dissect_ssl enter frame #118 (already visited)
packet_from_server: is from server - FALSE
  conversation = 0x7fa041e3a740, ssl_session = 0x0
  record: offset = 0, reported_length_remaining = 319
dissect_ssl3_record: content_type 23 Application Data

dissect_ssl enter frame #119 (already visited)
packet_from_server: is from server - FALSE
  conversation = 0x7fa041e3a740, ssl_session = 0x0
  record: offset = 0, reported_length_remaining = 531
dissect_ssl3_record: content_type 23 Application Data

dissect_ssl enter frame #102 (already visited)
packet_from_server: is from server - FALSE
  conversation = 0x7fa041e3a740, ssl_session = 0x0
  record: offset = 0, reported_length_remaining = 319
dissect_ssl3_record: content_type 23 Application Data

dissect_ssl enter frame #103 (already visited)
packet_from_server: is from server - FALSE
  conversation = 0x7fa041e3a740, ssl_session = 0x0
  record: offset = 0, reported_length_remaining = 547
dissect_ssl3_record: content_type 23 Application Data

dissect_ssl enter frame #97 (already visited)
packet_from_server: is from server - FALSE
  conversation = 0x7fa041e5f660, ssl_session = 0x0
  record: offset = 0, reported_length_remaining = 319
dissect_ssl3_record: content_type 23 Application Data

dissect_ssl enter frame #98 (already visited)
packet_from_server: is from server - FALSE
  conversation = 0x7fa041e5f660, ssl_session = 0x0
  record: offset = 0, reported_length_remaining = 521
dissect_ssl3_record: content_type 23 Application Data

dissect_ssl enter frame #100 (already visited)
packet_from_server: is from server - FALSE
  conversation = 0x7fa041e3a740, ssl_session = 0x0
  record: offset = 0, reported_length_remaining = 1695
dissect_ssl3_record: content_type 23 Application Data

dissect_ssl enter frame #95 (already visited)
packet_from_server: is from server - FALSE
  conversation = 0x7fa041e5f660, ssl_session = 0x0
  record: offset = 0, reported_length_remaining = 1689
dissect_ssl3_record: content_type 23 Application Data

dissect_ssl enter frame #91 (already visited)
packet_from_server: is from server - FALSE
  conversation = 0x7fa041e5f660, ssl_session = 0x0
  record: offset = 0, reported_length_remaining = 562
dissect_ssl3_record: content_type 23 Application Data

dissect_ssl enter frame #90 (already visited)
packet_from_server: is from server - FALSE
  conversation = 0x7fa041e5f660, ssl_session = 0x0
  record: offset = 0, reported_length_remaining = 319
dissect_ssl3_record: content_type 23 Application Data

dissect_ssl enter frame #88 (already visited)
packet_from_server: is from server - FALSE
  conversation = 0x7fa041e5f660, ssl_session = 0x0
  record: offset = 0, reported_length_remaining = 1811
dissect_ssl3_record: content_type 23 Application Data

dissect_ssl enter frame #86 (already visited)
packet_from_server: is from server - FALSE
  conversation = 0x7fa041e5f660, ssl_session = 0x0
  record: offset = 0, reported_length_remaining = 523
dissect_ssl3_record: content_type 23 Application Data

dissect_ssl enter frame #85 (already visited)
packet_from_server: is from server - FALSE
  conversation = 0x7fa041e5f660, ssl_session = 0x0
  record: offset = 0, reported_length_remaining = 319
dissect_ssl3_record: content_type 23 Application Data

dissect_ssl enter frame #83 (already visited)
packet_from_server: is from server - FALSE
  conversation = 0x7fa041e5f660, ssl_session = 0x0
  record: offset = 0, reported_length_remaining = 1687
dissect_ssl3_record: content_type 23 Application Data

dissect_ssl enter frame #71 (already visited)
packet_from_server: is from server - FALSE
  conversation = 0x7fa041e3a740, ssl_session = 0x0
  record: offset = 0, reported_length_remaining = 319
dissect_ssl3_record: content_type 23 Application Data

dissect_ssl enter frame #72 (already visited)
packet_from_server: is from server - FALSE
  conversation = 0x7fa041e3a740, ssl_session = 0x0
  record: offset = 0, reported_length_remaining = 453
dissect_ssl3_record: content_type 23 Application Data

dissect_ssl enter frame #74 (already visited)
packet_from_server: is from server - FALSE
  conversation = 0x7fa041e5f660, ssl_session = 0x0
  record: offset = 0, reported_length_remaining = 1563
dissect_ssl3_record: content_type 23 Application Data

dissect_ssl enter frame #76 (already visited)
packet_from_server: is from server - FALSE
  conversation = 0x7fa041e5f660, ssl_session = 0x0
  record: offset = 0, reported_length_remaining = 319
dissect_ssl3_record: content_type 23 Application Data

dissect_ssl enter frame #77 (already visited)
packet_from_server: is from server - FALSE
  conversation = 0x7fa041e5f660, ssl_session = 0x0
  record: offset = 0, reported_length_remaining = 522
dissect_ssl3_record: content_type 23 Application Data

dissect_ssl enter frame #64 (already visited)
packet_from_server: is from server - FALSE
  conversation = 0x7fa041e3a740, ssl_session = 0x0
  record: offset = 0, reported_length_remaining = 319
dissect_ssl3_record: content_type 23 Application Data

dissect_ssl enter frame #65 (already visited)
packet_from_server: is from server - FALSE
  conversation = 0x7fa041e3a740, ssl_session = 0x0
  record: offset = 0, reported_length_remaining = 519
dissect_ssl3_record: content_type 23 Application Data

dissect_ssl enter frame #69 (already visited)
packet_from_server: is from server - FALSE
  conversation = 0x7fa041e3a740, ssl_session = 0x0
  record: offset = 0, reported_length_remaining = 1588
dissect_ssl3_record: content_type 23 Application Data

dissect_ssl enter frame #55 (already visited)
packet_from_server: is from server - FALSE
  conversation = 0x7fa041e5f660, ssl_session = 0x0
  record: offset = 0, reported_length_remaining = 1687
dissect_ssl3_record: content_type 23 Application Data

dissect_ssl enter frame #57 (already visited)
packet_from_server: is from server - FALSE
  conversation = 0x7fa041e5f660, ssl_session = 0x0
  record: offset = 0, reported_length_remaining = 319
dissect_ssl3_record: content_type 23 Application Data

dissect_ssl enter frame #58 (already visited)
packet_from_server: is from server - FALSE
  conversation = 0x7fa041e5f660, ssl_session = 0x0
  record: offset = 0, reported_length_remaining = 542
dissect_ssl3_record: content_type 23 Application Data

dissect_ssl enter frame #62 (already visited)
packet_from_server: is from server - FALSE
  conversation = 0x7fa041e3a740, ssl_session = 0x0
  record: offset = 0, reported_length_remaining = 1728
dissect_ssl3_record: content_type 23 Application Data

dissect_ssl enter frame #50 (already visited)
packet_from_server: is from server - FALSE
  conversation = 0x7fa041e3a740, ssl_session = 0x0
  record: offset = 0, reported_length_remaining = 319
dissect_ssl3_record: content_type 23 Application Data

dissect_ssl enter frame #51 (already visited)
packet_from_server: is from server - FALSE
  conversation = 0x7fa041e3a740, ssl_session = 0x0
  record: offset = 0, reported_length_remaining = 527
dissect_ssl3_record: content_type 23 Application Data

dissect_ssl enter frame #41 (already visited)
packet_from_server: is from server - FALSE
  conversation = 0x7fa041e5f660, ssl_session = 0x0
  record: offset = 0, reported_length_remaining = 1780
dissect_ssl3_record: content_type 23 Application Data

dissect_ssl enter frame #43 (already visited)
packet_from_server: is from server - FALSE
  conversation = 0x7fa041e5f660, ssl_session = 0x0
  record: offset = 0, reported_length_remaining = 319
dissect_ssl3_record: content_type 23 Application Data

dissect_ssl enter frame #44 (already visited)
packet_from_server: is from server - FALSE
  conversation = 0x7fa041e5f660, ssl_session = 0x0
  record: offset = 0, reported_length_remaining = 559
dissect_ssl3_record: content_type 23 Application Data

dissect_ssl enter frame #48 (already visited)
packet_from_server: is from server - FALSE
  conversation = 0x7fa041e3a740, ssl_session = 0x0
  record: offset = 0, reported_length_remaining = 1774
dissect_ssl3_record: content_type 23 Application Data

dissect_ssl enter frame #34 (already visited)
packet_from_server: is from server - FALSE
  conversation = 0x7fa041e3a740, ssl_session = 0x0
  record: offset = 0, reported_length_remaining = 1684
dissect_ssl3_record: content_type 23 Application Data

dissect_ssl enter frame #36 (already visited)
packet_from_server: is from server - FALSE
  conversation = 0x7fa041e3a740, ssl_session = 0x0
  record: offset = 0, reported_length_remaining = 319
dissect_ssl3_record: content_type 23 Application Data

dissect_ssl enter frame #37 (already visited)
packet_from_server: is from server - FALSE
  conversation = 0x7fa041e3a740, ssl_session = 0x0
  record: offset = 0, reported_length_remaining = 538
dissect_ssl3_record: content_type 23 Application Data

dissect_ssl enter frame #22 (already visited)
packet_from_server: is from server - FALSE
  conversation = 0x7fa041e3a740, ssl_session = 0x0
  record: offset = 0, reported_length_remaining = 1895
dissect_ssl3_record: content_type 23 Application Data

dissect_ssl enter frame #24 (already visited)
packet_from_server: is from server - FALSE
  conversation = 0x7fa041e3a740, ssl_session = 0x0
  record: offset = 0, reported_length_remaining = 319
dissect_ssl3_record: content_type 23 Application Data

dissect_ssl enter frame #25 (already visited)
packet_from_server: is from server - FALSE
  conversation = 0x7fa041e3a740, ssl_session = 0x0
  record: offset = 0, reported_length_remaining = 461
dissect_ssl3_record: content_type 23 Application Data

dissect_ssl enter frame #27 (already visited)
packet_from_server: is from server - FALSE
  conversation = 0x7fa041e3a740, ssl_session = 0x0
  record: offset = 0, reported_length_remaining = 1669
dissect_ssl3_record: content_type 23 Application Data

dissect_ssl enter frame #29 (already visited)
packet_from_server: is from server - FALSE
  conversation = 0x7fa041e3a740, ssl_session = 0x0
  record: offset = 0, reported_length_remaining = 319
dissect_ssl3_record: content_type 23 Application Data

dissect_ssl enter frame #30 (already visited)
packet_from_server: is from server - FALSE
  conversation = 0x7fa041e3a740, ssl_session = 0x0
  record: offset = 0, reported_length_remaining = 457
dissect_ssl3_record: content_type 23 Application Data

dissect_ssl enter frame #15 (already visited)
packet_from_server: is from server - FALSE
  conversation = 0x7fa041e5f660, ssl_session = 0x0
  record: offset = 0, reported_length_remaining = 2057
dissect_ssl3_record: content_type 23 Application Data

dissect_ssl enter frame #17 (already visited)
packet_from_server: is from server - FALSE
  conversation = 0x7fa041e5f660, ssl_session = 0x0
  record: offset = 0, reported_length_remaining = 319
dissect_ssl3_record: content_type 23 Application Data

dissect_ssl enter frame #18 (already visited)
packet_from_server: is from server - FALSE
  conversation = 0x7fa041e5f660, ssl_session = 0x0
  record: offset = 0, reported_length_remaining = 535
dissect_ssl3_record: content_type 23 Application Data

dissect_ssl enter frame #2 (already visited)
packet_from_server: is from server - FALSE
  conversation = 0x7fa041e3a740, ssl_session = 0x0
  record: offset = 0, reported_length_remaining = 478
dissect_ssl3_record: content_type 23 Application Data

dissect_ssl enter frame #8 (already visited)
packet_from_server: is from server - FALSE
  conversation = 0x7fa041e3a740, ssl_session = 0x0
  record: offset = 0, reported_length_remaining = 2345
dissect_ssl3_record: content_type 23 Application Data

dissect_ssl enter frame #10 (already visited)
packet_from_server: is from server - FALSE
  conversation = 0x7fa041e3a740, ssl_session = 0x0
  record: offset = 0, reported_length_remaining = 319
dissect_ssl3_record: content_type 23 Application Data

dissect_ssl enter frame #11 (already visited)
packet_from_server: is from server - FALSE
  conversation = 0x7fa041e3a740, ssl_session = 0x0
  record: offset = 0, reported_length_remaining = 528
dissect_ssl3_record: content_type 23 Application Data

dissect_ssl enter frame #8 (already visited)
packet_from_server: is from server - FALSE
  conversation = 0x7fa041e3a740, ssl_session = 0x0
  record: offset = 0, reported_length_remaining = 2345
dissect_ssl3_record: content_type 23 Application Data

dissect_ssl enter frame #123 (already visited)
packet_from_server: is from server - FALSE
  conversation = 0x7fa041e5f660, ssl_session = 0x0
  record: offset = 0, reported_length_remaining = 2260
dissect_ssl3_record: content_type 23 Application Data

dissect_ssl enter frame #125 (already visited)
packet_from_server: is from server - FALSE
  conversation = 0x7fa041e5f660, ssl_session = 0x0
  record: offset = 0, reported_length_remaining = 319
dissect_ssl3_record: content_type 23 Application Data

dissect_ssl enter frame #126 (already visited)
packet_from_server: is from server - FALSE
  conversation = 0x7fa041e5f660, ssl_session = 0x0
  record: offset = 0, reported_length_remaining = 533
dissect_ssl3_record: content_type 23 Application Data

dissect_ssl enter frame #125 (already visited)
packet_from_server: is from server - FALSE
  conversation = 0x7fa041e5f660, ssl_session = 0x0
  record: offset = 0, reported_length_remaining = 319
dissect_ssl3_record: content_type 23 Application Data

dissect_ssl enter frame #15 (already visited)
packet_from_server: is from server - FALSE
  conversation = 0x7fa041e5f660, ssl_session = 0x0
  record: offset = 0, reported_length_remaining = 2057
dissect_ssl3_record: content_type 23 Application Data
